#
# There is insufficient memory for the Java Runtime Environment to continue.
# Native memory allocation (malloc) failed to allocate 2544656 bytes for Chunk::new
# Possible reasons:
#   The system is out of physical RAM or swap space
#   The process is running with CompressedOops enabled, and the Java Heap may be blocking the growth of the native heap
# Possible solutions:
#   Reduce memory load on the system
#   Increase physical memory or swap space
#   Check if swap backing store is full
#   Decrease Java heap size (-Xmx/-Xms)
#   Decrease number of Java threads
#   Decrease Java thread stack sizes (-Xss)
#   Set larger code cache with -XX:ReservedCodeCacheSize=
#   JVM is running with Unscaled Compressed Oops mode in which the Java heap is
#     placed in the first 4GB address space. The Java Heap base address is the
#     maximum limit for the native heap growth. Please use -XX:HeapBaseMinAddress
#     to set the Java Heap base and to place the Java Heap above 4GB virtual address.
# This output file may be truncated or incomplete.
#
#  Out of Memory Error (allocation.cpp:389), pid=22216, tid=0x0000000000007474
#
# JRE version: OpenJDK Runtime Environment (8.0_242-b01) (build 1.8.0_242-release-1644-b01)
# Java VM: OpenJDK 64-Bit Server VM (25.242-b01 mixed mode windows-amd64 compressed oops)
# Failed to write core dump. Minidumps are not enabled by default on client versions of Windows
#

---------------  T H R E A D  ---------------

Current thread (0x0000000017761800):  JavaThread "C2 CompilerThread0" daemon [_thread_in_native, id=29812, stack(0x0000000018c70000,0x0000000018d70000)]

Stack: [0x0000000018c70000,0x0000000018d70000]
[error occurred during error reporting (printing stack bounds), id 0xc0000005]

Native frames: (J=compiled Java code, j=interpreted, Vv=VM code, C=native code)


Current CompileTask:
C2:2580256 27661 %     4       org.objectweb.asm.ClassReader::readCode @ 2165 (5089 bytes)


---------------  P R O C E S S  ---------------

Java Threads: ( => current thread )
  0x000000001e7e4800 JavaThread "WorkerExecutor Queue Thread 5" [_thread_blocked, id=24092, stack(0x000000002f1b0000,0x000000002f2b0000)]
  0x000000001b314800 JavaThread "WorkerExecutor Queue Thread 4" [_thread_blocked, id=1884, stack(0x000000002eeb0000,0x000000002efb0000)]
  0x000000001b314000 JavaThread "WorkerExecutor Queue Thread 3" [_thread_blocked, id=27624, stack(0x000000002ebb0000,0x000000002ecb0000)]
  0x000000001b315800 JavaThread "ForkJoinPool.commonPool-worker-3" daemon [_thread_blocked, id=27980, stack(0x000000002eab0000,0x000000002ebb0000)]
  0x0000000025779800 JavaThread "ForkJoinPool.commonPool-worker-2" daemon [_thread_blocked, id=30168, stack(0x000000002e9b0000,0x000000002eab0000)]
  0x0000000025776800 JavaThread "ForkJoinPool.commonPool-worker-1" daemon [_thread_blocked, id=29360, stack(0x000000002e8b0000,0x000000002e9b0000)]
  0x000000002577a000 JavaThread "Cache worker for Java compile cache (D:\develop\GodDiary2\.gradle\6.1.1\javaCompile)" [_thread_blocked, id=26964, stack(0x000000002e7b0000,0x000000002e8b0000)]
  0x0000000025775800 JavaThread "RMI TCP Connection(16)-127.0.0.1" daemon [_thread_in_native, id=7896, stack(0x000000002e3b0000,0x000000002e4b0000)]
  0x0000000025778000 JavaThread "RMI RenewClean-[127.0.0.1:17758,org.jetbrains.kotlin.daemon.common.LoopbackNetworkInterface$ClientLoopbackSocketFactory@62a71d54]" daemon [_thread_blocked, id=19844, stack(0x000000002dcd0000,0x000000002ddd0000)]
  0x0000000025778800 JavaThread "stdout" [_thread_in_native, id=8744, stack(0x000000002dbd0000,0x000000002dcd0000)]
  0x000000002577b000 JavaThread "stderr" [_thread_in_native, id=7508, stack(0x000000002dad0000,0x000000002dbd0000)]
  0x0000000019c5e000 JavaThread "pool-23-thread-1" [_thread_blocked, id=23772, stack(0x000000002c310000,0x000000002c410000)]
  0x0000000019c5d000 JavaThread "WorkerExecutor Queue Thread 2" [_thread_blocked, id=23212, stack(0x0000000029860000,0x0000000029960000)]
  0x0000000019c5c800 JavaThread "WorkerExecutor Queue" [_thread_blocked, id=27448, stack(0x0000000029160000,0x0000000029260000)]
  0x0000000019c5b800 JavaThread "Cache worker for execution history cache (D:\develop\GodDiary2\.gradle\6.1.1\executionHistory)" [_thread_blocked, id=24596, stack(0x0000000028c60000,0x0000000028d60000)]
  0x0000000019c5b000 JavaThread "Execution worker for ':' Thread 3" [_thread_blocked, id=9548, stack(0x0000000028b60000,0x0000000028c60000)]
  0x0000000019c58800 JavaThread "Execution worker for ':' Thread 2" [_thread_blocked, id=9120, stack(0x0000000028960000,0x0000000028a60000)]
  0x0000000019c51000 JavaThread "Execution worker for ':'" [_thread_in_native, id=28336, stack(0x0000000028860000,0x0000000028960000)]
  0x0000000019c58000 JavaThread "Cache worker for file content cache (D:\develop\GodDiary2\.gradle\6.1.1\fileContent)" [_thread_blocked, id=20008, stack(0x0000000028460000,0x0000000028560000)]
  0x0000000019c50800 JavaThread "Cache worker for Build Output Cleanup Cache (D:\develop\GodDiary2\.gradle\buildOutputCleanup)" [_thread_blocked, id=18504, stack(0x0000000027b60000,0x0000000027c60000)]
  0x0000000019c57000 JavaThread "Build operations Thread 4" [_thread_blocked, id=26756, stack(0x0000000027960000,0x0000000027a60000)]
  0x0000000019c55800 JavaThread "Build operations Thread 3" [_thread_blocked, id=28300, stack(0x0000000026de0000,0x0000000026ee0000)]
  0x0000000019c4f800 JavaThread "Build operations Thread 2" [_thread_blocked, id=25672, stack(0x0000000024070000,0x0000000024170000)]
  0x0000000019c53800 JavaThread "Build operations" [_thread_blocked, id=12500, stack(0x0000000023510000,0x0000000023610000)]
  0x000000001a43b800 JavaThread "Cache worker for cache directory md-rule (C:\Users\lucie\.gradle\caches\6.1.1\md-rule)" [_thread_blocked, id=8484, stack(0x0000000023410000,0x0000000023510000)]
  0x000000001a43e800 JavaThread "Cache worker for cache directory md-supplier (C:\Users\lucie\.gradle\caches\6.1.1\md-supplier)" [_thread_blocked, id=10944, stack(0x0000000022c60000,0x0000000022d60000)]
  0x000000001a442000 JavaThread "Cache worker for file hash cache (D:\develop\GodDiary2\.gradle\6.1.1\fileHashes)" [_thread_blocked, id=30032, stack(0x0000000022b60000,0x0000000022c60000)]
  0x000000001a441000 JavaThread "Cache worker for checksums cache (D:\develop\GodDiary2\.gradle\checksums)" [_thread_blocked, id=10344, stack(0x00000000219f0000,0x0000000021af0000)]
  0x000000001a440800 JavaThread "Thread-221" [_thread_blocked, id=7296, stack(0x00000000218f0000,0x00000000219f0000)]
  0x000000001a437000 JavaThread "Stdin handler" [_thread_blocked, id=13300, stack(0x000000001f4b0000,0x000000001f5b0000)]
  0x000000001a438800 JavaThread "Asynchronous log dispatcher for DefaultDaemonConnection: socket connection from /127.0.0.1:52787 to /127.0.0.1:52191" [_thread_blocked, id=22960, stack(0x000000001f3b0000,0x000000001f4b0000)]
  0x000000001a43a000 JavaThread "Cancel handler" [_thread_blocked, id=25572, stack(0x0000000000a70000,0x0000000000b70000)]
  0x000000001a43e000 JavaThread "Handler for socket connection from /127.0.0.1:52787 to /127.0.0.1:52191" [_thread_in_native, id=22400, stack(0x0000000000970000,0x0000000000a70000)]
  0x000000001a443800 JavaThread "RMI TCP Connection(15)-127.0.0.1" daemon [_thread_in_native, id=9344, stack(0x000000002e0b0000,0x000000002e1b0000)]
  0x000000001e7ee800 JavaThread "Daemon worker Thread 7" [_thread_blocked, id=12852, stack(0x000000001c610000,0x000000001c710000)]
  0x000000001e7e0000 JavaThread "Daemon Thread 7" [_thread_blocked, id=21304, stack(0x0000000000870000,0x0000000000970000)]
  0x000000001e7ed800 JavaThread "RMI Reaper" [_thread_blocked, id=29196, stack(0x000000002e6b0000,0x000000002e7b0000)]
  0x000000001e7ea000 JavaThread "RMI TCP Accept-0" daemon [_thread_in_native, id=7804, stack(0x000000002e5b0000,0x000000002e6b0000)]
  0x000000001e7e1800 JavaThread "GC Daemon" daemon [_thread_blocked, id=24524, stack(0x000000002e4b0000,0x000000002e5b0000)]
  0x000000001a442800 JavaThread "Cache worker for Java compile cache (C:\Users\lucie\.gradle\caches\6.1.1\javaCompile)" [_thread_blocked, id=13692, stack(0x0000000027a60000,0x0000000027b60000)]
  0x000000001a43b000 JavaThread "RMI TCP Accept-0" daemon [_thread_in_native, id=9008, stack(0x0000000028a60000,0x0000000028b60000)]
  0x000000001a435800 JavaThread "RMI Scheduler(0)" daemon [_thread_blocked, id=6164, stack(0x0000000028760000,0x0000000028860000)]
  0x0000000019c52800 JavaThread "Cache worker for file content cache (C:\Users\lucie\.gradle\caches\6.1.1\fileContent)" [_thread_blocked, id=1196, stack(0x00000000269e0000,0x0000000026ae0000)]
  0x0000000019c52000 JavaThread "Memory manager" [_thread_blocked, id=26144, stack(0x00000000268e0000,0x00000000269e0000)]
  0x000000001b313000 JavaThread "Cache worker for execution history cache (C:\Users\lucie\.gradle\caches\6.1.1\executionHistory)" [_thread_blocked, id=2660, stack(0x00000000209f0000,0x0000000020af0000)]
  0x000000001b310000 JavaThread "Cache worker for file hash cache (C:\Users\lucie\.gradle\caches\6.1.1\fileHashes)" [_thread_blocked, id=27660, stack(0x000000001cf10000,0x000000001d010000)]
  0x000000001b312800 JavaThread "File lock request listener" [_thread_in_native, id=23352, stack(0x000000001ce10000,0x000000001cf10000)]
  0x000000001b0af000 JavaThread "Cache worker for journal cache (C:\Users\lucie\.gradle\caches\journal-1)" [_thread_blocked, id=20856, stack(0x000000001cd10000,0x000000001ce10000)]
  0x000000001afb4800 JavaThread "Daemon periodic checks" [_thread_blocked, id=7524, stack(0x000000001c110000,0x000000001c210000)]
  0x000000001afb3000 JavaThread "Incoming local TCP Connector on port 52787" [_thread_in_native, id=11076, stack(0x000000001c010000,0x000000001c110000)]
  0x00000000195b8000 JavaThread "Daemon health stats" [_thread_blocked, id=24568, stack(0x000000001bf10000,0x000000001c010000)]
  0x0000000018eef000 JavaThread "Service Thread" daemon [_thread_blocked, id=24184, stack(0x0000000019370000,0x0000000019470000)]
  0x000000001776a000 JavaThread "C1 CompilerThread2" daemon [_thread_blocked, id=21308, stack(0x0000000019270000,0x0000000019370000)]
  0x0000000017765000 JavaThread "C2 CompilerThread1" daemon [_thread_in_native, id=24076, stack(0x0000000018d70000,0x0000000018e70000)]
=>0x0000000017761800 JavaThread "C2 CompilerThread0" daemon [_thread_in_native, id=29812, stack(0x0000000018c70000,0x0000000018d70000)]
  0x000000001771e800 JavaThread "Attach Listener" daemon [_thread_blocked, id=28368, stack(0x0000000018b70000,0x0000000018c70000)]
  0x000000001771d000 JavaThread "Signal Dispatcher" daemon [_thread_blocked, id=29652, stack(0x0000000018a70000,0x0000000018b70000)]
  0x00000000029f9800 JavaThread "Finalizer" daemon [_thread_blocked, id=18480, stack(0x0000000018970000,0x0000000018a70000)]
  0x00000000029f1000 JavaThread "Reference Handler" daemon [_thread_blocked, id=17172, stack(0x0000000018870000,0x0000000018970000)]
  0x0000000002aed800 JavaThread "main" [_thread_blocked, id=10640, stack(0x0000000002400000,0x0000000002500000)]

Other Threads:
  0x00000000176d6800 VMThread [stack: 0x0000000018770000,0x0000000018870000] [id=22564]
  0x0000000018ef8000 WatcherThread [stack: 0x0000000019470000,0x0000000019570000] [id=16080]

VM state:not at safepoint (normal execution)

VM Mutex/Monitor currently owned by a thread: None

heap address: 0x0000000080000000, size: 2048 MB, Compressed Oops mode: 32-bit
Narrow klass base: 0x0000000000000000, Narrow klass shift: 3
Compressed class space size: 1073741824 Address: 0x0000000100000000

Heap:
 PSYoungGen      total 449536K, used 269512K [0x00000000d5580000, 0x00000000f5600000, 0x0000000100000000)
  eden space 389632K, 64% used [0x00000000d5580000,0x00000000e4c00a20,0x00000000ed200000)
  from space 59904K, 28% used [0x00000000ed200000,0x00000000ee2b16d0,0x00000000f0c80000)
  to   space 57856K, 0% used [0x00000000f1d80000,0x00000000f1d80000,0x00000000f5600000)
 ParOldGen       total 288768K, used 117326K [0x0000000080000000, 0x0000000091a00000, 0x00000000d5580000)
  object space 288768K, 40% used [0x0000000080000000,0x0000000087293aa0,0x0000000091a00000)
 Metaspace       used 175612K, capacity 186546K, committed 186736K, reserved 1210368K
  class space    used 23116K, capacity 25169K, committed 25256K, reserved 1048576K

Card table byte_map: [0x0000000011eb0000,0x00000000122c0000] byte_map_base: 0x0000000011ab0000

Marking Bits: (ParMarkBitMap*) 0x0000000070eaf030
 Begin Bits: [0x0000000012970000, 0x0000000014970000)
 End Bits:   [0x0000000014970000, 0x0000000016970000)

Polling page: 0x0000000000680000

CodeCache: size=245760Kb used=74992Kb max_used=74992Kb free=170767Kb
 bounds [0x0000000002af0000, 0x0000000007490000, 0x0000000011af0000]
 total_blobs=23224 nmethods=22272 adapters=863
 compilation: enabled

Compilation events (10 events):
Event: 2580.237 Thread 0x000000001776a000 27987       2       com.android.tools.r8.code.N1::j (8 bytes)
Event: 2580.237 Thread 0x000000001776a000 nmethod 27987 0x0000000007482790 code [0x00000000074828e0, 0x0000000007482a70]
Event: 2580.237 Thread 0x000000001776a000 27986       1       com.android.tools.r8.code.J1::m (3 bytes)
Event: 2580.237 Thread 0x000000001776a000 nmethod 27986 0x0000000007481610 code [0x0000000007481760, 0x0000000007481870]
Event: 2580.237 Thread 0x000000001776a000 27988       1       com.android.tools.r8.code.a3::m (3 bytes)
Event: 2580.237 Thread 0x000000001776a000 nmethod 27988 0x0000000007481350 code [0x00000000074814a0, 0x00000000074815b0]
Event: 2580.237 Thread 0x000000001776a000 27989       2       com.android.tools.r8.dex.r$$Lambda$2207/495351918::accept (12 bytes)
Event: 2580.237 Thread 0x000000001776a000 nmethod 27989 0x0000000007480f50 code [0x00000000074810c0, 0x0000000007481268]
Event: 2580.240 Thread 0x000000001776a000 27990       2       com.android.tools.r8.graph.h0$v::a (41 bytes)
Event: 2580.241 Thread 0x000000001776a000 nmethod 27990 0x0000000007488450 code [0x0000000007488620, 0x0000000007488988]

GC Heap History (10 events):
Event: 944.439 GC heap before
{Heap before GC invocations=28 (full 5):
 PSYoungGen      total 389120K, used 55273K [0x00000000d5580000, 0x00000000f4180000, 0x0000000100000000)
  eden space 333824K, 0% used [0x00000000d5580000,0x00000000d5580000,0x00000000e9b80000)
  from space 55296K, 99% used [0x00000000e9b80000,0x00000000ed17a680,0x00000000ed180000)
  to   space 69120K, 0% used [0x00000000efe00000,0x00000000efe00000,0x00000000f4180000)
 ParOldGen       total 197632K, used 79504K [0x0000000080000000, 0x000000008c100000, 0x00000000d5580000)
  object space 197632K, 40% used [0x0000000080000000,0x0000000084da41a8,0x000000008c100000)
 Metaspace       used 155007K, capacity 164254K, committed 164336K, reserved 1191936K
  class space    used 20734K, capacity 22547K, committed 22568K, reserved 1048576K
Event: 944.803 GC heap after
Heap after GC invocations=28 (full 5):
 PSYoungGen      total 389120K, used 0K [0x00000000d5580000, 0x00000000f4180000, 0x0000000100000000)
  eden space 333824K, 0% used [0x00000000d5580000,0x00000000d5580000,0x00000000e9b80000)
  from space 55296K, 0% used [0x00000000e9b80000,0x00000000e9b80000,0x00000000ed180000)
  to   space 69120K, 0% used [0x00000000efe00000,0x00000000efe00000,0x00000000f4180000)
 ParOldGen       total 288768K, used 117286K [0x0000000080000000, 0x0000000091a00000, 0x00000000d5580000)
  object space 288768K, 40% used [0x0000000080000000,0x0000000087289aa0,0x0000000091a00000)
 Metaspace       used 154469K, capacity 162956K, committed 164336K, reserved 1191936K
  class space    used 20541K, capacity 22200K, committed 22568K, reserved 1048576K
}
Event: 961.472 GC heap before
{Heap before GC invocations=29 (full 5):
 PSYoungGen      total 389120K, used 333824K [0x00000000d5580000, 0x00000000f4180000, 0x0000000100000000)
  eden space 333824K, 100% used [0x00000000d5580000,0x00000000e9b80000,0x00000000e9b80000)
  from space 55296K, 0% used [0x00000000e9b80000,0x00000000e9b80000,0x00000000ed180000)
  to   space 69120K, 0% used [0x00000000efe00000,0x00000000efe00000,0x00000000f4180000)
 ParOldGen       total 288768K, used 117286K [0x0000000080000000, 0x0000000091a00000, 0x00000000d5580000)
  object space 288768K, 40% used [0x0000000080000000,0x0000000087289aa0,0x0000000091a00000)
 Metaspace       used 162158K, capacity 170880K, committed 172016K, reserved 1198080K
  class space    used 21343K, capacity 23060K, committed 23336K, reserved 1048576K
Event: 961.487 GC heap after
Heap after GC invocations=29 (full 5):
 PSYoungGen      total 431616K, used 17573K [0x00000000d5580000, 0x00000000f3d80000, 0x0000000100000000)
  eden space 366592K, 0% used [0x00000000d5580000,0x00000000d5580000,0x00000000ebb80000)
  from space 65024K, 27% used [0x00000000efe00000,0x00000000f0f295d0,0x00000000f3d80000)
  to   space 66560K, 0% used [0x00000000ebb80000,0x00000000ebb80000,0x00000000efc80000)
 ParOldGen       total 288768K, used 117294K [0x0000000080000000, 0x0000000091a00000, 0x00000000d5580000)
  object space 288768K, 40% used [0x0000000080000000,0x000000008728baa0,0x0000000091a00000)
 Metaspace       used 162158K, capacity 170880K, committed 172016K, reserved 1198080K
  class space    used 21343K, capacity 23060K, committed 23336K, reserved 1048576K
}
Event: 1949.767 GC heap before
{Heap before GC invocations=30 (full 5):
 PSYoungGen      total 431616K, used 384165K [0x00000000d5580000, 0x00000000f3d80000, 0x0000000100000000)
  eden space 366592K, 100% used [0x00000000d5580000,0x00000000ebb80000,0x00000000ebb80000)
  from space 65024K, 27% used [0x00000000efe00000,0x00000000f0f295d0,0x00000000f3d80000)
  to   space 66560K, 0% used [0x00000000ebb80000,0x00000000ebb80000,0x00000000efc80000)
 ParOldGen       total 288768K, used 117294K [0x0000000080000000, 0x0000000091a00000, 0x00000000d5580000)
  object space 288768K, 40% used [0x0000000080000000,0x000000008728baa0,0x0000000091a00000)
 Metaspace       used 173794K, capacity 183988K, committed 184176K, reserved 1208320K
  class space    used 23011K, capacity 24970K, committed 25000K, reserved 1048576K
Event: 1949.795 GC heap after
Heap after GC invocations=30 (full 5):
 PSYoungGen      total 433152K, used 24662K [0x00000000d5580000, 0x00000000f4b80000, 0x0000000100000000)
  eden space 366592K, 0% used [0x00000000d5580000,0x00000000d5580000,0x00000000ebb80000)
  from space 66560K, 37% used [0x00000000ebb80000,0x00000000ed3959e0,0x00000000efc80000)
  to   space 62976K, 0% used [0x00000000f0e00000,0x00000000f0e00000,0x00000000f4b80000)
 ParOldGen       total 288768K, used 117310K [0x0000000080000000, 0x0000000091a00000, 0x00000000d5580000)
  object space 288768K, 40% used [0x0000000080000000,0x000000008728faa0,0x0000000091a00000)
 Metaspace       used 173794K, capacity 183988K, committed 184176K, reserved 1208320K
  class space    used 23011K, capacity 24970K, committed 25000K, reserved 1048576K
}
Event: 1954.116 GC heap before
{Heap before GC invocations=31 (full 5):
 PSYoungGen      total 433152K, used 391254K [0x00000000d5580000, 0x00000000f4b80000, 0x0000000100000000)
  eden space 366592K, 100% used [0x00000000d5580000,0x00000000ebb80000,0x00000000ebb80000)
  from space 66560K, 37% used [0x00000000ebb80000,0x00000000ed3959e0,0x00000000efc80000)
  to   space 62976K, 0% used [0x00000000f0e00000,0x00000000f0e00000,0x00000000f4b80000)
 ParOldGen       total 288768K, used 117310K [0x0000000080000000, 0x0000000091a00000, 0x00000000d5580000)
  object space 288768K, 40% used [0x0000000080000000,0x000000008728faa0,0x0000000091a00000)
 Metaspace       used 174546K, capacity 184966K, committed 185072K, reserved 1210368K
  class space    used 23034K, capacity 25027K, committed 25128K, reserved 1048576K
Event: 1954.143 GC heap after
Heap after GC invocations=31 (full 5):
 PSYoungGen      total 448000K, used 21061K [0x00000000d5580000, 0x00000000f4700000, 0x0000000100000000)
  eden space 389632K, 0% used [0x00000000d5580000,0x00000000d5580000,0x00000000ed200000)
  from space 58368K, 36% used [0x00000000f0e00000,0x00000000f2291620,0x00000000f4700000)
  to   space 59904K, 0% used [0x00000000ed200000,0x00000000ed200000,0x00000000f0c80000)
 ParOldGen       total 288768K, used 117318K [0x0000000080000000, 0x0000000091a00000, 0x00000000d5580000)
  object space 288768K, 40% used [0x0000000080000000,0x0000000087291aa0,0x0000000091a00000)
 Metaspace       used 174546K, capacity 184966K, committed 185072K, reserved 1210368K
  class space    used 23034K, capacity 25027K, committed 25128K, reserved 1048576K
}
Event: 2577.266 GC heap before
{Heap before GC invocations=32 (full 5):
 PSYoungGen      total 448000K, used 410693K [0x00000000d5580000, 0x00000000f4700000, 0x0000000100000000)
  eden space 389632K, 100% used [0x00000000d5580000,0x00000000ed200000,0x00000000ed200000)
  from space 58368K, 36% used [0x00000000f0e00000,0x00000000f2291620,0x00000000f4700000)
  to   space 59904K, 0% used [0x00000000ed200000,0x00000000ed200000,0x00000000f0c80000)
 ParOldGen       total 288768K, used 117318K [0x0000000080000000, 0x0000000091a00000, 0x00000000d5580000)
  object space 288768K, 40% used [0x0000000080000000,0x0000000087291aa0,0x0000000091a00000)
 Metaspace       used 175137K, capacity 186134K, committed 186480K, reserved 1210368K
  class space    used 23111K, capacity 25165K, committed 25256K, reserved 1048576K
Event: 2577.281 GC heap after
Heap after GC invocations=32 (full 5):
 PSYoungGen      total 449536K, used 17093K [0x00000000d5580000, 0x00000000f5600000, 0x0000000100000000)
  eden space 389632K, 0% used [0x00000000d5580000,0x00000000d5580000,0x00000000ed200000)
  from space 59904K, 28% used [0x00000000ed200000,0x00000000ee2b16d0,0x00000000f0c80000)
  to   space 57856K, 0% used [0x00000000f1d80000,0x00000000f1d80000,0x00000000f5600000)
 ParOldGen       total 288768K, used 117326K [0x0000000080000000, 0x0000000091a00000, 0x00000000d5580000)
  object space 288768K, 40% used [0x0000000080000000,0x0000000087293aa0,0x0000000091a00000)
 Metaspace       used 175137K, capacity 186134K, committed 186480K, reserved 1210368K
  class space    used 23111K, capacity 25165K, committed 25256K, reserved 1048576K
}

Deoptimization events (10 events):
Event: 2579.762 Thread 0x0000000019c5d000 Uncommon trap: reason=unstable_if action=reinterpret pc=0x0000000005d04e50 method=com.android.tools.r8.graph.u0$c.<init>(Lcom/android/tools/r8/graph/u0$b;ILjava/lang/String;Ljava/lang/String;Ljava/lang/String;Ljava/lang/Object;)V @ 38
Event: 2579.762 Thread 0x0000000019c5d000 Uncommon trap: reason=unstable_if action=reinterpret pc=0x000000000677387c method=com.android.tools.r8.graph.e0.a([C)I @ 44
Event: 2579.983 Thread 0x000000001b314000 Uncommon trap: reason=array_check action=maybe_recompile pc=0x00000000049b93a8 method=java.util.TimSort.mergeHi(IIII)V @ 419
Event: 2579.983 Thread 0x000000001b314000 Uncommon trap: reason=array_check action=maybe_recompile pc=0x00000000049b93a8 method=java.util.TimSort.mergeHi(IIII)V @ 419
Event: 2579.983 Thread 0x000000001b314000 Uncommon trap: reason=array_check action=maybe_recompile pc=0x00000000070701cc method=java.util.TimSort.mergeLo(IIII)V @ 468
Event: 2579.984 Thread 0x000000001b314000 Uncommon trap: reason=array_check action=maybe_recompile pc=0x00000000070701cc method=java.util.TimSort.mergeLo(IIII)V @ 468
Event: 2580.079 Thread 0x0000000019c51000 Uncommon trap: reason=unstable_if action=reinterpret pc=0x00000000062b6908 method=com.google.common.collect.CompactHashMap.moveLastEntry(I)V @ 132
Event: 2580.231 Thread 0x000000001e7e5800 Uncommon trap: reason=unstable_if action=reinterpret pc=0x0000000006d3b2f4 method=com.android.tools.r8.graph.h0$u.equals(Ljava/lang/Object;)Z @ 11
Event: 2580.237 Thread 0x000000001e7e5800 Uncommon trap: reason=class_check action=maybe_recompile pc=0x0000000006c33450 method=com.android.tools.r8.dex.m.c(I)V @ 108
Event: 2580.240 Thread 0x000000001e7e5800 Uncommon trap: reason=class_check action=maybe_recompile pc=0x0000000006c48e90 method=com.android.tools.r8.dex.m.c(I)V @ 108

Classes redefined (0 events):
No events

Internal exceptions (10 events):
Event: 2579.232 Thread 0x0000000019c5b000 Exception <a 'sun/nio/fs/WindowsException'> (0x00000000d8d69918) thrown at [C:\src\AOSP-openjdk-git\hotspot\src\share\vm\prims\jni.cpp, line 710]
Event: 2579.232 Thread 0x0000000019c5b000 Exception <a 'sun/nio/fs/WindowsException'> (0x00000000d8d6a608) thrown at [C:\src\AOSP-openjdk-git\hotspot\src\share\vm\prims\jni.cpp, line 710]
Event: 2579.232 Thread 0x0000000019c5b000 Exception <a 'sun/nio/fs/WindowsException'> (0x00000000d8d72820) thrown at [C:\src\AOSP-openjdk-git\hotspot\src\share\vm\prims\jni.cpp, line 710]
Event: 2579.232 Thread 0x0000000019c5b000 Exception <a 'sun/nio/fs/WindowsException'> (0x00000000d8d73498) thrown at [C:\src\AOSP-openjdk-git\hotspot\src\share\vm\prims\jni.cpp, line 710]
Event: 2579.233 Thread 0x0000000019c5b000 Exception <a 'sun/nio/fs/WindowsException'> (0x00000000d8d74198) thrown at [C:\src\AOSP-openjdk-git\hotspot\src\share\vm\prims\jni.cpp, line 710]
Event: 2579.734 Thread 0x0000000019c5d000 Exception <a 'sun/nio/fs/WindowsException'> (0x00000000ddd7a898) thrown at [C:\src\AOSP-openjdk-git\hotspot\src\share\vm\prims\jni.cpp, line 710]
Event: 2579.734 Thread 0x0000000019c5c800 Exception <a 'sun/nio/fs/WindowsException'> (0x00000000ddd9a6d0) thrown at [C:\src\AOSP-openjdk-git\hotspot\src\share\vm\prims\jni.cpp, line 710]
Event: 2579.758 Thread 0x0000000019c5c800 Exception <a 'sun/nio/fs/WindowsException'> (0x00000000de21d150) thrown at [C:\src\AOSP-openjdk-git\hotspot\src\share\vm\prims\jni.cpp, line 710]
Event: 2579.770 Thread 0x0000000019c5d000 Exception <a 'sun/nio/fs/WindowsException'> (0x00000000de76f4a8) thrown at [C:\src\AOSP-openjdk-git\hotspot\src\share\vm\prims\jni.cpp, line 710]
Event: 2580.152 Thread 0x0000000019c5c800 Exception <a 'sun/nio/fs/WindowsException'> (0x00000000e3314698) thrown at [C:\src\AOSP-openjdk-git\hotspot\src\share\vm\prims\jni.cpp, line 710]

Events (10 events):
Event: 2580.223 Thread 0x000000001e7e5800 DEOPT UNPACKING pc=0x0000000002b375d0 sp=0x000000002f3ae7e8 mode 0
Event: 2580.231 Thread 0x000000001e7e5800 Uncommon trap: trap_request=0xffffff65 fr.pc=0x0000000006d3b2f4
Event: 2580.231 Thread 0x000000001e7e5800 DEOPT PACKING pc=0x0000000006d3b2f4 sp=0x000000002f3aea60
Event: 2580.231 Thread 0x000000001e7e5800 DEOPT UNPACKING pc=0x0000000002b3557b sp=0x000000002f3aea08 mode 2
Event: 2580.237 Thread 0x000000001e7e5800 Uncommon trap: trap_request=0xffffffde fr.pc=0x0000000006c33450
Event: 2580.237 Thread 0x000000001e7e5800 DEOPT PACKING pc=0x0000000006c33450 sp=0x000000002f3ae8a0
Event: 2580.237 Thread 0x000000001e7e5800 DEOPT UNPACKING pc=0x0000000002b3557b sp=0x000000002f3ae758 mode 2
Event: 2580.240 Thread 0x000000001e7e5800 Uncommon trap: trap_request=0xffffffde fr.pc=0x0000000006c48e90
Event: 2580.240 Thread 0x000000001e7e5800 DEOPT PACKING pc=0x0000000006c48e90 sp=0x000000002f3ae810
Event: 2580.240 Thread 0x000000001e7e5800 DEOPT UNPACKING pc=0x0000000002b3557b sp=0x000000002f3ae698 mode 2


Dynamic libraries:
0x00007ff73a240000 - 0x00007ff73a271000 	D:\develop\Android Studio\jre\bin\java.exe
0x00007ffe4c4f0000 - 0x00007ffe4c6e5000 	C:\WINDOWS\SYSTEM32\ntdll.dll
0x00007ffe4a5d0000 - 0x00007ffe4a68e000 	C:\WINDOWS\System32\KERNEL32.DLL
0x00007ffe49c00000 - 0x00007ffe49ec8000 	C:\WINDOWS\System32\KERNELBASE.dll
0x00007ffe4bb30000 - 0x00007ffe4bbde000 	C:\WINDOWS\System32\ADVAPI32.dll
0x00007ffe4b970000 - 0x00007ffe4ba0e000 	C:\WINDOWS\System32\msvcrt.dll
0x00007ffe4a530000 - 0x00007ffe4a5cc000 	C:\WINDOWS\System32\sechost.dll
0x00007ffe4b190000 - 0x00007ffe4b2b5000 	C:\WINDOWS\System32\RPCRT4.dll
0x00007ffe4abb0000 - 0x00007ffe4ad51000 	C:\WINDOWS\System32\USER32.dll
0x00007ffe49ed0000 - 0x00007ffe49ef2000 	C:\WINDOWS\System32\win32u.dll
0x00007ffe4a9d0000 - 0x00007ffe4a9fb000 	C:\WINDOWS\System32\GDI32.dll
0x00007ffe4a190000 - 0x00007ffe4a29d000 	C:\WINDOWS\System32\gdi32full.dll
0x00007ffe4a490000 - 0x00007ffe4a52d000 	C:\WINDOWS\System32\msvcp_win.dll
0x00007ffe4a300000 - 0x00007ffe4a400000 	C:\WINDOWS\System32\ucrtbase.dll
0x00007ffe418e0000 - 0x00007ffe41b7a000 	C:\WINDOWS\WinSxS\amd64_microsoft.windows.common-controls_6595b64144ccf1df_6.0.19041.1110_none_60b5254171f9507e\COMCTL32.dll
0x00007ffe4b940000 - 0x00007ffe4b970000 	C:\WINDOWS\System32\IMM32.DLL
0x0000000073060000 - 0x0000000073132000 	D:\develop\Android Studio\jre\jre\bin\msvcr100.dll
0x00000000706e0000 - 0x0000000070f2b000 	D:\develop\Android Studio\jre\jre\bin\server\jvm.dll
0x00007ffe4bb20000 - 0x00007ffe4bb28000 	C:\WINDOWS\System32\PSAPI.DLL
0x00007ffe3fdd0000 - 0x00007ffe3fdf7000 	C:\WINDOWS\SYSTEM32\WINMM.dll
0x00007ffe44e00000 - 0x00007ffe44e0a000 	C:\WINDOWS\SYSTEM32\VERSION.dll
0x00007ffe3b8a0000 - 0x00007ffe3b8a9000 	C:\WINDOWS\SYSTEM32\WSOCK32.dll
0x00007ffe4b740000 - 0x00007ffe4b7ab000 	C:\WINDOWS\System32\WS2_32.dll
0x00007ffe441c0000 - 0x00007ffe441cf000 	D:\develop\Android Studio\jre\jre\bin\verify.dll
0x00007ffe2d190000 - 0x00007ffe2d1b9000 	D:\develop\Android Studio\jre\jre\bin\java.dll
0x00007ffe2eb50000 - 0x00007ffe2eb66000 	D:\develop\Android Studio\jre\jre\bin\zip.dll
0x00007ffe4bcd0000 - 0x00007ffe4c414000 	C:\WINDOWS\System32\SHELL32.dll
0x00007ffe47d10000 - 0x00007ffe484a5000 	C:\WINDOWS\SYSTEM32\windows.storage.dll
0x00007ffe4ae30000 - 0x00007ffe4b185000 	C:\WINDOWS\System32\combase.dll
0x00007ffe49650000 - 0x00007ffe4967e000 	C:\WINDOWS\SYSTEM32\Wldp.dll
0x00007ffe4ba10000 - 0x00007ffe4babd000 	C:\WINDOWS\System32\SHCORE.dll
0x00007ffe4bbe0000 - 0x00007ffe4bc35000 	C:\WINDOWS\System32\shlwapi.dll
0x00007ffe49b40000 - 0x00007ffe49b5f000 	C:\WINDOWS\SYSTEM32\profapi.dll
0x00007ffe2e2b0000 - 0x00007ffe2e2ca000 	D:\develop\Android Studio\jre\jre\bin\net.dll
0x00007ffe493b0000 - 0x00007ffe4941a000 	C:\WINDOWS\system32\mswsock.dll
0x00007ffe2d140000 - 0x00007ffe2d153000 	D:\develop\Android Studio\jre\jre\bin\nio.dll
0x00007ffe2e6e0000 - 0x00007ffe2e706000 	C:\Users\lucie\.gradle\native\31\windows-amd64\native-platform.dll
0x00007ffe441b0000 - 0x00007ffe441bd000 	D:\develop\Android Studio\jre\jre\bin\management.dll
0x00007ffe495b0000 - 0x00007ffe495c8000 	C:\WINDOWS\SYSTEM32\CRYPTSP.dll
0x00007ffe48c60000 - 0x00007ffe48c94000 	C:\WINDOWS\system32\rsaenh.dll
0x00007ffe4a0b0000 - 0x00007ffe4a0d7000 	C:\WINDOWS\System32\bcrypt.dll
0x00007ffe49b00000 - 0x00007ffe49b2e000 	C:\WINDOWS\SYSTEM32\USERENV.dll
0x00007ffe4a400000 - 0x00007ffe4a482000 	C:\WINDOWS\System32\bcryptprimitives.dll
0x00007ffe495a0000 - 0x00007ffe495ac000 	C:\WINDOWS\SYSTEM32\CRYPTBASE.dll
0x00007ffe49050000 - 0x00007ffe4908b000 	C:\WINDOWS\SYSTEM32\IPHLPAPI.DLL
0x00007ffe4c420000 - 0x00007ffe4c428000 	C:\WINDOWS\System32\NSI.dll
0x00007ffe43900000 - 0x00007ffe43917000 	C:\WINDOWS\SYSTEM32\dhcpcsvc6.DLL
0x00007ffe43e20000 - 0x00007ffe43e3d000 	C:\WINDOWS\SYSTEM32\dhcpcsvc.DLL
0x00007ffe490a0000 - 0x00007ffe4916b000 	C:\WINDOWS\SYSTEM32\DNSAPI.dll

VM Arguments:
jvm_args: -Xmx2048m -Dfile.encoding=windows-31j -Duser.country=JP -Duser.language=ja -Duser.variant 
java_command: org.gradle.launcher.daemon.bootstrap.GradleDaemon 6.1.1
java_class_path (initial): C:\Users\lucie\.gradle\wrapper\dists\gradle-6.1.1-all\cfmwm155h49vnt3hynmlrsdst\gradle-6.1.1\lib\gradle-launcher-6.1.1.jar
Launcher Type: SUN_STANDARD

Environment Variables:
JAVA_HOME=D:\JDK\Java\jdk-13.0.1
PATH=C:\Program Files (x86)\Intel\iCLS Client\;C:\Program Files\Intel\iCLS Client\;C:\Windows\system32;C:\Windows;C:\Windows\System32\Wbem;C:\Windows\System32\WindowsPowerShell\v1.0\;C:\Program Files (x86)\NVIDIA Corporation\PhysX\Common;C:\WINDOWS\system32;C:\WINDOWS;C:\WINDOWS\System32\Wbem;C:\WINDOWS\System32\WindowsPowerShell\v1.0\;C:\WINDOWS\System32\OpenSSH\;C:\Program Files (x86)\Intel\Intel(R) Management Engine Components\DAL;C:\Program Files\Intel\Intel(R) Management Engine Components\DAL;C:\Program Files (x86)\Intel\Intel(R) Management Engine Components\IPT;C:\Program Files\Intel\Intel(R) Management Engine Components\IPT;D:\MinGW\bin;D:\JDK\Java\jdk-13.0.1\bin;C:\Program Files\MySQL\MySQL Server 8.0\bin;D:\develop\Git\cmd;C:\Users\lucie\AppData\Local\Microsoft\WindowsApps;;D:\develop\Microsoft VS Code\bin
USERNAME=lucie
OS=Windows_NT
PROCESSOR_IDENTIFIER=Intel64 Family 6 Model 158 Stepping 9, GenuineIntel



---------------  S Y S T E M  ---------------

OS: Windows 10.0 , 64 bit Build 19041 (10.0.19041.1466)

CPU:total 4 (initial active 4) (4 cores per cpu, 1 threads per core) family 6 model 158 stepping 9, cmov, cx8, fxsr, mmx, sse, sse2, sse3, ssse3, sse4.1, sse4.2, popcnt, avx, avx2, aes, clmul, erms, 3dnowpref, lzcnt, tsc, tscinvbit, bmi1, bmi2, adx

Memory: 4k page, physical 8294544k(944036k free), swap 10342544k(5628k free)

vm_info: OpenJDK 64-Bit Server VM (25.242-b01) for windows-amd64 JRE (1.8.0_242-release-1644-b01), built by "builder" with MS VC++ 10.0 (VS2010)

time: Sun Jan 23 00:39:18 2022
timezone: ìåãû (ïWèÄéû)
elapsed time: 2580 seconds (0d 0h 43m 0s)

