#
# There is insufficient memory for the Java Runtime Environment to continue.
# Native memory allocation (malloc) failed to allocate 367296 bytes for Chunk::new
# Possible reasons:
#   The system is out of physical RAM or swap space
#   The process is running with CompressedOops enabled, and the Java Heap may be blocking the growth of the native heap
# Possible solutions:
#   Reduce memory load on the system
#   Increase physical memory or swap space
#   Check if swap backing store is full
#   Decrease Java heap size (-Xmx/-Xms)
#   Decrease number of Java threads
#   Decrease Java thread stack sizes (-Xss)
#   Set larger code cache with -XX:ReservedCodeCacheSize=
#   JVM is running with Unscaled Compressed Oops mode in which the Java heap is
#     placed in the first 4GB address space. The Java Heap base address is the
#     maximum limit for the native heap growth. Please use -XX:HeapBaseMinAddress
#     to set the Java Heap base and to place the Java Heap above 4GB virtual address.
# This output file may be truncated or incomplete.
#
#  Out of Memory Error (allocation.cpp:389), pid=19320, tid=0x000000000000741c
#
# JRE version: OpenJDK Runtime Environment (8.0_242-b01) (build 1.8.0_242-release-1644-b01)
# Java VM: OpenJDK 64-Bit Server VM (25.242-b01 mixed mode windows-amd64 compressed oops)
# Failed to write core dump. Minidumps are not enabled by default on client versions of Windows
#

---------------  T H R E A D  ---------------

Current thread (0x00000000177c6000):  JavaThread "C2 CompilerThread1" daemon [_thread_in_native, id=29724, stack(0x0000000018f60000,0x0000000019060000)]

Stack: [0x0000000018f60000,0x0000000019060000]
[error occurred during error reporting (printing stack bounds), id 0xc0000005]

Native frames: (J=compiled Java code, j=interpreted, Vv=VM code, C=native code)


Current CompileTask:
C2:17919829 43201   !   4       com.android.tools.r8.utils.H::a (116 bytes)


---------------  P R O C E S S  ---------------

Java Threads: ( => current thread )
  0x000000001bb4f800 JavaThread "ForkJoinPool.commonPool-worker-1" daemon [_thread_blocked, id=27620, stack(0x0000000036fb0000,0x00000000370b0000)]
  0x000000001bb55800 JavaThread "ForkJoinPool.commonPool-worker-0" daemon [_thread_blocked, id=11660, stack(0x00000000368b0000,0x00000000369b0000)]
  0x000000001bb4e000 JavaThread "ForkJoinPool.commonPool-worker-3" daemon [_thread_in_native, id=31092, stack(0x0000000032d50000,0x0000000032e50000)]
  0x000000001bb54000 JavaThread "WorkerExecutor Queue Thread 5" [_thread_blocked, id=8508, stack(0x00000000352d0000,0x00000000353d0000)]
  0x000000001bb4b000 JavaThread "WorkerExecutor Queue Thread 4" [_thread_blocked, id=5112, stack(0x00000000369b0000,0x0000000036ab0000)]
  0x000000001e7a6800 JavaThread "pool-36-thread-2" [_thread_blocked, id=15984, stack(0x00000000367b0000,0x00000000368b0000)]
  0x000000001b2c9000 JavaThread "pool-36-thread-1" [_thread_blocked, id=16484, stack(0x00000000361b0000,0x00000000362b0000)]
  0x0000000020b70800 JavaThread "WorkerExecutor Queue Thread 2" [_thread_in_native, id=22532, stack(0x00000000364b0000,0x00000000365b0000)]
  0x0000000020b64800 JavaThread "Cache worker for Java compile cache (D:\develop\GodDiary2\.gradle\6.1.1\javaCompile)" [_thread_blocked, id=29304, stack(0x0000000035cb0000,0x0000000035db0000)]
  0x000000001e7a4000 JavaThread "RMI TCP Connection(idle)" daemon [_thread_blocked, id=14008, stack(0x00000000359b0000,0x0000000035ab0000)]
  0x000000001e7aa000 JavaThread "WorkerExecutor Queue" [_thread_blocked, id=7324, stack(0x0000000035ab0000,0x0000000035bb0000)]
  0x000000001eb43800 JavaThread "Cache worker for execution history cache (D:\develop\GodDiary2\.gradle\6.1.1\executionHistory)" [_thread_blocked, id=26664, stack(0x00000000351d0000,0x00000000352d0000)]
  0x000000001eb43000 JavaThread "Execution worker for ':' Thread 3" [_thread_blocked, id=28752, stack(0x0000000032a50000,0x0000000032b50000)]
  0x000000001eb46000 JavaThread "Execution worker for ':' Thread 2" [_thread_blocked, id=21304, stack(0x0000000031290000,0x0000000031390000)]
  0x000000001eb42000 JavaThread "Execution worker for ':'" [_thread_blocked, id=32464, stack(0x0000000030e00000,0x0000000030f00000)]
  0x000000001eb3f000 JavaThread "Cache worker for file content cache (D:\develop\GodDiary2\.gradle\6.1.1\fileContent)" [_thread_blocked, id=32044, stack(0x000000002c3b0000,0x000000002c4b0000)]
  0x000000001eb37800 JavaThread "Cache worker for Build Output Cleanup Cache (D:\develop\GodDiary2\.gradle\buildOutputCleanup)" [_thread_blocked, id=29248, stack(0x0000000027340000,0x0000000027440000)]
  0x000000001eb3e800 JavaThread "Build operations Thread 4" [_thread_blocked, id=21256, stack(0x0000000026c40000,0x0000000026d40000)]
  0x000000001eb3d000 JavaThread "Build operations Thread 3" [_thread_blocked, id=33400, stack(0x00000000266f0000,0x00000000267f0000)]
  0x000000001eb3a000 JavaThread "Build operations Thread 2" [_thread_blocked, id=19944, stack(0x00000000263f0000,0x00000000264f0000)]
  0x000000001eb3c000 JavaThread "Build operations" [_thread_blocked, id=24088, stack(0x00000000260f0000,0x00000000261f0000)]
  0x000000001eb3d800 JavaThread "Cache worker for cache directory md-rule (C:\Users\lucie\.gradle\caches\6.1.1\md-rule)" [_thread_blocked, id=7496, stack(0x0000000025af0000,0x0000000025bf0000)]
  0x000000001eb38800 JavaThread "Cache worker for cache directory md-supplier (C:\Users\lucie\.gradle\caches\6.1.1\md-supplier)" [_thread_blocked, id=16724, stack(0x00000000255f0000,0x00000000256f0000)]
  0x000000001eb3a800 JavaThread "Cache worker for file hash cache (D:\develop\GodDiary2\.gradle\6.1.1\fileHashes)" [_thread_blocked, id=12744, stack(0x00000000237d0000,0x00000000238d0000)]
  0x000000001eb37000 JavaThread "Cache worker for checksums cache (D:\develop\GodDiary2\.gradle\checksums)" [_thread_blocked, id=8952, stack(0x00000000236d0000,0x00000000237d0000)]
  0x000000001b40d800 JavaThread "Thread-440" [_thread_blocked, id=26572, stack(0x0000000022d20000,0x0000000022e20000)]
  0x000000001b405800 JavaThread "Stdin handler" [_thread_blocked, id=24256, stack(0x00000000229e0000,0x0000000022ae0000)]
  0x000000001b403000 JavaThread "Asynchronous log dispatcher for DefaultDaemonConnection: socket connection from /127.0.0.1:56547 to /127.0.0.1:52078" [_thread_blocked, id=27464, stack(0x0000000020c10000,0x0000000020d10000)]
  0x000000001b408800 JavaThread "Cancel handler" [_thread_blocked, id=32404, stack(0x000000001cd00000,0x000000001ce00000)]
  0x000000001b404000 JavaThread "Handler for socket connection from /127.0.0.1:56547 to /127.0.0.1:52078" [_thread_in_native, id=1700, stack(0x000000001c600000,0x000000001c700000)]
  0x000000001eb44800 JavaThread "RMI TCP Connection(idle)" daemon [_thread_blocked, id=7176, stack(0x00000000353d0000,0x00000000354d0000)]
  0x000000001e7a9800 JavaThread "Daemon worker Thread 14" [_thread_blocked, id=31836, stack(0x000000001f8a0000,0x000000001f9a0000)]
  0x000000001e79e000 JavaThread "Daemon Thread 14" [_thread_blocked, id=18216, stack(0x000000001c500000,0x000000001c600000)]
  0x000000001e7a5000 JavaThread "RMI TCP Connection(idle)" daemon [_thread_blocked, id=32952, stack(0x0000000000c50000,0x0000000000d50000)]
  0x0000000020b6c000 JavaThread "RMI Reaper" [_thread_blocked, id=18376, stack(0x00000000350d0000,0x00000000351d0000)]
  0x0000000020b67800 JavaThread "RMI TCP Accept-0" daemon [_thread_in_native, id=12496, stack(0x0000000034dd0000,0x0000000034ed0000)]
  0x0000000020b6a800 JavaThread "GC Daemon" daemon [_thread_blocked, id=17988, stack(0x0000000033aa0000,0x0000000033ba0000)]
  0x000000001b2c6000 JavaThread "Cache worker for Java compile cache (C:\Users\lucie\.gradle\caches\6.1.1\javaCompile)" [_thread_blocked, id=28424, stack(0x0000000031190000,0x0000000031290000)]
  0x000000001e7a1000 JavaThread "RMI TCP Accept-0" daemon [_thread_in_native, id=22520, stack(0x0000000030900000,0x0000000030a00000)]
  0x000000001b40b800 JavaThread "RMI Scheduler(0)" daemon [_thread_blocked, id=33708, stack(0x0000000030600000,0x0000000030700000)]
  0x0000000020b67000 JavaThread "Cache worker for file content cache (C:\Users\lucie\.gradle\caches\6.1.1\fileContent)" [_thread_blocked, id=20828, stack(0x00000000254f0000,0x00000000255f0000)]
  0x0000000020b65000 JavaThread "Memory manager" [_thread_blocked, id=16588, stack(0x0000000023f20000,0x0000000024020000)]
  0x000000001b2ca800 JavaThread "Cache worker for execution history cache (C:\Users\lucie\.gradle\caches\6.1.1\executionHistory)" [_thread_blocked, id=22560, stack(0x0000000020d10000,0x0000000020e10000)]
  0x000000001b2c6800 JavaThread "Cache worker for file hash cache (C:\Users\lucie\.gradle\caches\6.1.1\fileHashes)" [_thread_blocked, id=21924, stack(0x000000001d200000,0x000000001d300000)]
  0x000000001b2c5000 JavaThread "File lock request listener" [_thread_in_native, id=28760, stack(0x000000001d100000,0x000000001d200000)]
  0x000000001b2cc000 JavaThread "Cache worker for journal cache (C:\Users\lucie\.gradle\caches\journal-1)" [_thread_blocked, id=15752, stack(0x000000001d000000,0x000000001d100000)]
  0x000000001b183000 JavaThread "Daemon periodic checks" [_thread_blocked, id=31592, stack(0x000000001c400000,0x000000001c500000)]
  0x000000001b147800 JavaThread "Incoming local TCP Connector on port 56547" [_thread_in_native, id=1564, stack(0x000000001c220000,0x000000001c320000)]
  0x0000000019259000 JavaThread "Daemon health stats" [_thread_blocked, id=7972, stack(0x000000001c100000,0x000000001c200000)]
  0x00000000191c7000 JavaThread "Service Thread" daemon [_thread_blocked, id=32228, stack(0x0000000019560000,0x0000000019660000)]
  0x00000000177cd000 JavaThread "C1 CompilerThread2" daemon [_thread_blocked, id=1212, stack(0x0000000019060000,0x0000000019160000)]
=>0x00000000177c6000 JavaThread "C2 CompilerThread1" daemon [_thread_in_native, id=29724, stack(0x0000000018f60000,0x0000000019060000)]
  0x00000000177c2800 JavaThread "C2 CompilerThread0" daemon [_thread_in_native, id=33116, stack(0x0000000018e60000,0x0000000018f60000)]
  0x000000001777f800 JavaThread "Attach Listener" daemon [_thread_blocked, id=10876, stack(0x0000000018d60000,0x0000000018e60000)]
  0x000000001777e000 JavaThread "Signal Dispatcher" daemon [_thread_blocked, id=21320, stack(0x0000000018c60000,0x0000000018d60000)]
  0x0000000002b1b000 JavaThread "Finalizer" daemon [_thread_blocked, id=28388, stack(0x00000000189c0000,0x0000000018ac0000)]
  0x0000000002b11000 JavaThread "Reference Handler" daemon [_thread_blocked, id=8008, stack(0x00000000188c0000,0x00000000189c0000)]
  0x000000000257d800 JavaThread "main" [_thread_blocked, id=32132, stack(0x0000000002920000,0x0000000002a20000)]

Other Threads:
  0x0000000017736800 VMThread [stack: 0x00000000187c0000,0x00000000188c0000] [id=16032]
  0x00000000191c8000 WatcherThread [stack: 0x0000000019660000,0x0000000019760000] [id=20008]

VM state:not at safepoint (normal execution)

VM Mutex/Monitor currently owned by a thread: None

heap address: 0x0000000080000000, size: 2048 MB, Compressed Oops mode: 32-bit
Narrow klass base: 0x0000000000000000, Narrow klass shift: 3
Compressed class space size: 1073741824 Address: 0x0000000100000000

Heap:
 PSYoungGen      total 564224K, used 169389K [0x00000000d5580000, 0x0000000100000000, 0x0000000100000000)
  eden space 451072K, 15% used [0x00000000d5580000,0x00000000d98c6c48,0x00000000f0e00000)
  from space 113152K, 88% used [0x00000000f0e00000,0x00000000f7024ab8,0x00000000f7c80000)
  to   space 132096K, 0% used [0x00000000f7f00000,0x00000000f7f00000,0x0000000100000000)
 ParOldGen       total 356352K, used 235249K [0x0000000080000000, 0x0000000095c00000, 0x00000000d5580000)
  object space 356352K, 66% used [0x0000000080000000,0x000000008e5bc408,0x0000000095c00000)
 Metaspace       used 206819K, capacity 219595K, committed 226968K, reserved 1247232K
  class space    used 26314K, capacity 28644K, committed 29096K, reserved 1048576K

Card table byte_map: [0x0000000011ee0000,0x00000000122f0000] byte_map_base: 0x0000000011ae0000

Marking Bits: (ParMarkBitMap*) 0x0000000070eaf030
 Begin Bits: [0x00000000129a0000, 0x00000000149a0000)
 End Bits:   [0x00000000149a0000, 0x00000000169a0000)

Polling page: 0x0000000002580000

CodeCache: size=245760Kb used=117119Kb max_used=117748Kb free=128640Kb
 bounds [0x0000000002b20000, 0x0000000009ee0000, 0x0000000011b20000]
 total_blobs=34721 nmethods=33710 adapters=922
 compilation: enabled

Compilation events (10 events):
Event: 17919.805 Thread 0x00000000177cd000 44659       2       com.android.zipflinger.Entry::setCompressedSize (6 bytes)
Event: 17919.805 Thread 0x00000000177cd000 nmethod 44659 0x0000000009af4610 code [0x0000000009af4760, 0x0000000009af48b0]
Event: 17919.805 Thread 0x00000000177cd000 44658       2       com.android.zipflinger.Entry::setCrc (6 bytes)
Event: 17919.805 Thread 0x00000000177cd000 nmethod 44658 0x0000000009af42d0 code [0x0000000009af4420, 0x0000000009af4570]
Event: 17919.805 Thread 0x00000000177cd000 44657       2       com.android.zipflinger.Entry::setCompressionFlag (6 bytes)
Event: 17919.805 Thread 0x00000000177cd000 nmethod 44657 0x0000000009af3f90 code [0x0000000009af40e0, 0x0000000009af4230]
Event: 17919.805 Thread 0x00000000177cd000 44655       2       com.android.zipflinger.Entry::setCdLocation (6 bytes)
Event: 17919.805 Thread 0x00000000177cd000 nmethod 44655 0x0000000009af3b90 code [0x0000000009af3ce0, 0x0000000009af3e50]
Event: 17919.805 Thread 0x00000000177cd000 44654       2       com.android.zipflinger.Entry::setNameBytes (16 bytes)
Event: 17919.805 Thread 0x00000000177cd000 nmethod 44654 0x00000000091f84d0 code [0x00000000091f8640, 0x00000000091f8848]

GC Heap History (10 events):
Event: 17914.513 GC heap before
{Heap before GC invocations=81 (full 8):
 PSYoungGen      total 537088K, used 409992K [0x00000000d5580000, 0x00000000fef80000, 0x0000000100000000)
  eden space 402432K, 100% used [0x00000000d5580000,0x00000000ede80000,0x00000000ede80000)
  from space 134656K, 5% used [0x00000000f6c00000,0x00000000f73622d0,0x00000000fef80000)
  to   space 139776K, 0% used [0x00000000ede80000,0x00000000ede80000,0x00000000f6700000)
 ParOldGen       total 356352K, used 203738K [0x0000000080000000, 0x0000000095c00000, 0x00000000d5580000)
  object space 356352K, 57% used [0x0000000080000000,0x000000008c6f6a70,0x0000000095c00000)
 Metaspace       used 205516K, capacity 218033K, committed 226968K, reserved 1247232K
  class space    used 26181K, capacity 28469K, committed 29096K, reserved 1048576K
Event: 17914.522 GC heap after
Heap after GC invocations=81 (full 8):
 PSYoungGen      total 542208K, used 7147K [0x00000000d5580000, 0x00000000ffa00000, 0x0000000100000000)
  eden space 402432K, 0% used [0x00000000d5580000,0x00000000d5580000,0x00000000ede80000)
  from space 139776K, 5% used [0x00000000ede80000,0x00000000ee57ae48,0x00000000f6700000)
  to   space 134144K, 0% used [0x00000000f7700000,0x00000000f7700000,0x00000000ffa00000)
 ParOldGen       total 356352K, used 205392K [0x0000000080000000, 0x0000000095c00000, 0x00000000d5580000)
  object space 356352K, 57% used [0x0000000080000000,0x000000008c8943c0,0x0000000095c00000)
 Metaspace       used 205516K, capacity 218033K, committed 226968K, reserved 1247232K
  class space    used 26181K, capacity 28469K, committed 29096K, reserved 1048576K
}
Event: 17915.003 GC heap before
{Heap before GC invocations=82 (full 8):
 PSYoungGen      total 542208K, used 409579K [0x00000000d5580000, 0x00000000ffa00000, 0x0000000100000000)
  eden space 402432K, 100% used [0x00000000d5580000,0x00000000ede80000,0x00000000ede80000)
  from space 139776K, 5% used [0x00000000ede80000,0x00000000ee57ae48,0x00000000f6700000)
  to   space 134144K, 0% used [0x00000000f7700000,0x00000000f7700000,0x00000000ffa00000)
 ParOldGen       total 356352K, used 205392K [0x0000000080000000, 0x0000000095c00000, 0x00000000d5580000)
  object space 356352K, 57% used [0x0000000080000000,0x000000008c8943c0,0x0000000095c00000)
 Metaspace       used 205534K, capacity 218033K, committed 226968K, reserved 1247232K
  class space    used 26181K, capacity 28469K, committed 29096K, reserved 1048576K
Event: 17915.023 GC heap after
Heap after GC invocations=82 (full 8):
 PSYoungGen      total 544256K, used 16376K [0x00000000d5580000, 0x00000000feb80000, 0x0000000100000000)
  eden space 424960K, 0% used [0x00000000d5580000,0x00000000d5580000,0x00000000ef480000)
  from space 119296K, 13% used [0x00000000f7700000,0x00000000f86fe1b0,0x00000000feb80000)
  to   space 126464K, 0% used [0x00000000ef480000,0x00000000ef480000,0x00000000f7000000)
 ParOldGen       total 356352K, used 208639K [0x0000000080000000, 0x0000000095c00000, 0x00000000d5580000)
  object space 356352K, 58% used [0x0000000080000000,0x000000008cbbfe20,0x0000000095c00000)
 Metaspace       used 205534K, capacity 218033K, committed 226968K, reserved 1247232K
  class space    used 26181K, capacity 28469K, committed 29096K, reserved 1048576K
}
Event: 17915.599 GC heap before
{Heap before GC invocations=83 (full 8):
 PSYoungGen      total 544256K, used 441336K [0x00000000d5580000, 0x00000000feb80000, 0x0000000100000000)
  eden space 424960K, 100% used [0x00000000d5580000,0x00000000ef480000,0x00000000ef480000)
  from space 119296K, 13% used [0x00000000f7700000,0x00000000f86fe1b0,0x00000000feb80000)
  to   space 126464K, 0% used [0x00000000ef480000,0x00000000ef480000,0x00000000f7000000)
 ParOldGen       total 356352K, used 208639K [0x0000000080000000, 0x0000000095c00000, 0x00000000d5580000)
  object space 356352K, 58% used [0x0000000080000000,0x000000008cbbfe20,0x0000000095c00000)
 Metaspace       used 205583K, capacity 218161K, committed 226968K, reserved 1247232K
  class space    used 26181K, capacity 28469K, committed 29096K, reserved 1048576K
Event: 17915.617 GC heap after
Heap after GC invocations=83 (full 8):
 PSYoungGen      total 551424K, used 3514K [0x00000000d5580000, 0x00000000ffd00000, 0x0000000100000000)
  eden space 424960K, 0% used [0x00000000d5580000,0x00000000d5580000,0x00000000ef480000)
  from space 126464K, 2% used [0x00000000ef480000,0x00000000ef7ee970,0x00000000f7000000)
  to   space 121344K, 0% used [0x00000000f8680000,0x00000000f8680000,0x00000000ffd00000)
 ParOldGen       total 356352K, used 221621K [0x0000000080000000, 0x0000000095c00000, 0x00000000d5580000)
  object space 356352K, 62% used [0x0000000080000000,0x000000008d86d6b0,0x0000000095c00000)
 Metaspace       used 205583K, capacity 218161K, committed 226968K, reserved 1247232K
  class space    used 26181K, capacity 28469K, committed 29096K, reserved 1048576K
}
Event: 17917.397 GC heap before
{Heap before GC invocations=84 (full 8):
 PSYoungGen      total 551424K, used 428474K [0x00000000d5580000, 0x00000000ffd00000, 0x0000000100000000)
  eden space 424960K, 100% used [0x00000000d5580000,0x00000000ef480000,0x00000000ef480000)
  from space 126464K, 2% used [0x00000000ef480000,0x00000000ef7ee970,0x00000000f7000000)
  to   space 121344K, 0% used [0x00000000f8680000,0x00000000f8680000,0x00000000ffd00000)
 ParOldGen       total 356352K, used 221621K [0x0000000080000000, 0x0000000095c00000, 0x00000000d5580000)
  object space 356352K, 62% used [0x0000000080000000,0x000000008d86d6b0,0x0000000095c00000)
 Metaspace       used 205911K, capacity 218523K, committed 226968K, reserved 1247232K
  class space    used 26216K, capacity 28518K, committed 29096K, reserved 1048576K
Event: 17917.412 GC heap after
Heap after GC invocations=84 (full 8):
 PSYoungGen      total 553984K, used 18960K [0x00000000d5580000, 0x00000000feb00000, 0x0000000100000000)
  eden space 451072K, 0% used [0x00000000d5580000,0x00000000d5580000,0x00000000f0e00000)
  from space 102912K, 18% used [0x00000000f8680000,0x00000000f9904238,0x00000000feb00000)
  to   space 113152K, 0% used [0x00000000f0e00000,0x00000000f0e00000,0x00000000f7c80000)
 ParOldGen       total 356352K, used 223199K [0x0000000080000000, 0x0000000095c00000, 0x00000000d5580000)
  object space 356352K, 62% used [0x0000000080000000,0x000000008d9f7fc8,0x0000000095c00000)
 Metaspace       used 205911K, capacity 218523K, committed 226968K, reserved 1247232K
  class space    used 26216K, capacity 28518K, committed 29096K, reserved 1048576K
}
Event: 17919.196 GC heap before
{Heap before GC invocations=85 (full 8):
 PSYoungGen      total 553984K, used 470032K [0x00000000d5580000, 0x00000000feb00000, 0x0000000100000000)
  eden space 451072K, 100% used [0x00000000d5580000,0x00000000f0e00000,0x00000000f0e00000)
  from space 102912K, 18% used [0x00000000f8680000,0x00000000f9904238,0x00000000feb00000)
  to   space 113152K, 0% used [0x00000000f0e00000,0x00000000f0e00000,0x00000000f7c80000)
 ParOldGen       total 356352K, used 223199K [0x0000000080000000, 0x0000000095c00000, 0x00000000d5580000)
  object space 356352K, 62% used [0x0000000080000000,0x000000008d9f7fc8,0x0000000095c00000)
 Metaspace       used 206347K, capacity 219029K, committed 226968K, reserved 1247232K
  class space    used 26240K, capacity 28539K, committed 29096K, reserved 1048576K
Event: 17919.285 GC heap after
Heap after GC invocations=85 (full 8):
 PSYoungGen      total 564224K, used 100498K [0x00000000d5580000, 0x0000000100000000, 0x0000000100000000)
  eden space 451072K, 0% used [0x00000000d5580000,0x00000000d5580000,0x00000000f0e00000)
  from space 113152K, 88% used [0x00000000f0e00000,0x00000000f7024ab8,0x00000000f7c80000)
  to   space 132096K, 0% used [0x00000000f7f00000,0x00000000f7f00000,0x0000000100000000)
 ParOldGen       total 356352K, used 235249K [0x0000000080000000, 0x0000000095c00000, 0x00000000d5580000)
  object space 356352K, 66% used [0x0000000080000000,0x000000008e5bc408,0x0000000095c00000)
 Metaspace       used 206347K, capacity 219029K, committed 226968K, reserved 1247232K
  class space    used 26240K, capacity 28539K, committed 29096K, reserved 1048576K
}

Deoptimization events (10 events):
Event: 17915.841 Thread 0x0000000020b70800 Uncommon trap: reason=class_check action=maybe_recompile pc=0x0000000008d0dc50 method=com.android.tools.r8.u.b.m1.a0()I @ 19
Event: 17915.969 Thread 0x0000000020b70800 Uncommon trap: reason=class_check action=maybe_recompile pc=0x00000000098b9ff0 method=com.android.tools.r8.ir.conversion.O.b(Lcom/android/tools/r8/graph/T;Lcom/android/tools/r8/u/b/W;Lcom/android/tools/r8/ir/optimize/info/k;)V @ 106
Event: 17915.969 Thread 0x0000000020b70800 Uncommon trap: reason=class_check action=maybe_recompile pc=0x00000000098b9ff0 method=com.android.tools.r8.ir.conversion.O.b(Lcom/android/tools/r8/graph/T;Lcom/android/tools/r8/u/b/W;Lcom/android/tools/r8/ir/optimize/info/k;)V @ 106
Event: 17915.969 Thread 0x0000000020b70800 Uncommon trap: reason=class_check action=maybe_recompile pc=0x00000000098b9ff0 method=com.android.tools.r8.ir.conversion.O.b(Lcom/android/tools/r8/graph/T;Lcom/android/tools/r8/u/b/W;Lcom/android/tools/r8/ir/optimize/info/k;)V @ 106
Event: 17915.969 Thread 0x0000000020b70800 Uncommon trap: reason=class_check action=maybe_recompile pc=0x00000000098b9ff0 method=com.android.tools.r8.ir.conversion.O.b(Lcom/android/tools/r8/graph/T;Lcom/android/tools/r8/u/b/W;Lcom/android/tools/r8/ir/optimize/info/k;)V @ 106
Event: 17916.061 Thread 0x000000001bb54000 Uncommon trap: reason=unstable_if action=reinterpret pc=0x0000000009052b48 method=com.android.tools.r8.dex.m.c(I)V @ 8
Event: 17916.111 Thread 0x000000001e7a9800 Uncommon trap: reason=class_check action=maybe_recompile pc=0x0000000005f98754 method=com.google.common.base.Joiner.toString(Ljava/lang/Object;)Ljava/lang/CharSequence; @ 20
Event: 17916.111 Thread 0x000000001e7a9800 Uncommon trap: reason=class_check action=maybe_recompile pc=0x0000000005f98754 method=com.google.common.base.Joiner.toString(Ljava/lang/Object;)Ljava/lang/CharSequence; @ 20
Event: 17916.154 Thread 0x000000001e7a9800 Uncommon trap: reason=class_check action=maybe_recompile pc=0x0000000005f98754 method=com.google.common.base.Joiner.toString(Ljava/lang/Object;)Ljava/lang/CharSequence; @ 20
Event: 17916.154 Thread 0x000000001e7a9800 Uncommon trap: reason=class_check action=maybe_recompile pc=0x0000000005f98754 method=com.google.common.base.Joiner.toString(Ljava/lang/Object;)Ljava/lang/CharSequence; @ 20

Classes redefined (0 events):
No events

Internal exceptions (10 events):
Event: 17917.280 Thread 0x000000001e7a9800 Exception <a 'java/lang/NoSuchMethodError': <clinit>> (0x00000000ed4d9418) thrown at [C:\src\AOSP-openjdk-git\hotspot\src\share\vm\prims\jni.cpp, line 1615]
Event: 17917.372 Thread 0x000000001bb54000 Exception <a 'sun/nio/fs/WindowsException'> (0x00000000ebc6be38) thrown at [C:\src\AOSP-openjdk-git\hotspot\src\share\vm\prims\jni.cpp, line 710]
Event: 17917.455 Thread 0x000000001e7aa000 Exception <a 'sun/nio/fs/WindowsException'> (0x00000000d65f23d0) thrown at [C:\src\AOSP-openjdk-git\hotspot\src\share\vm\prims\jni.cpp, line 710]
Event: 17917.628 Thread 0x000000001bb57000 Exception <a 'sun/nio/fs/WindowsException'> (0x00000000dba56f70) thrown at [C:\src\AOSP-openjdk-git\hotspot\src\share\vm\prims\jni.cpp, line 710]
Event: 17919.434 Thread 0x000000001bb4e000 Exception <a 'sun/nio/fs/WindowsException'> (0x00000000d6f441d0) thrown at [C:\src\AOSP-openjdk-git\hotspot\src\share\vm\prims\jni.cpp, line 710]
Event: 17919.564 Thread 0x000000001eb46000 Exception <a 'java/lang/NoSuchMethodError': <clinit>> (0x00000000d7494198) thrown at [C:\src\AOSP-openjdk-git\hotspot\src\share\vm\prims\jni.cpp, line 1615]
Event: 17919.564 Thread 0x000000001eb46000 Exception <a 'java/lang/NoSuchMethodError': <clinit>> (0x00000000d74999f8) thrown at [C:\src\AOSP-openjdk-git\hotspot\src\share\vm\prims\jni.cpp, line 1615]
Event: 17919.630 Thread 0x0000000020b70800 Exception <a 'sun/nio/fs/WindowsException'> (0x00000000d7b83c80) thrown at [C:\src\AOSP-openjdk-git\hotspot\src\share\vm\prims\jni.cpp, line 710]
Event: 17919.630 Thread 0x0000000020b70800 Exception <a 'sun/nio/fs/WindowsException'> (0x00000000d7b84158) thrown at [C:\src\AOSP-openjdk-git\hotspot\src\share\vm\prims\jni.cpp, line 710]
Event: 17919.635 Thread 0x0000000020b70800 Exception <a 'java/lang/NoSuchMethodError': java.lang.Object.lambda$static$0(Lcom/android/apksig/util/RunnablesProvider;)V> (0x00000000d7bec0e8) thrown at [C:\src\AOSP-openjdk-git\hotspot\src\share\vm\interpreter\linkResolver.cpp, line 620]

Events (10 events):
Event: 17919.671 loading class com/android/zipflinger/ZipSourceEntryDeflater
Event: 17919.671 loading class com/android/zipflinger/ZipSourceEntryDeflater done
Event: 17919.671 loading class com/android/zipflinger/ZipMap
Event: 17919.671 loading class com/android/zipflinger/ZipMap done
Event: 17919.672 loading class com/android/zipflinger/Entry
Event: 17919.672 loading class com/android/zipflinger/Entry done
Event: 17919.674 Executing VM operation: RevokeBias
Event: 17919.675 Executing VM operation: RevokeBias done
Event: 17919.675 Executing VM operation: RevokeBias
Event: 17919.675 Executing VM operation: RevokeBias done


Dynamic libraries:
0x00007ff6bed40000 - 0x00007ff6bed71000 	D:\develop\Android Studio\jre\bin\java.exe
0x00007ffe4c4f0000 - 0x00007ffe4c6e5000 	C:\WINDOWS\SYSTEM32\ntdll.dll
0x00007ffe4a5d0000 - 0x00007ffe4a68e000 	C:\WINDOWS\System32\KERNEL32.DLL
0x00007ffe49c00000 - 0x00007ffe49ec8000 	C:\WINDOWS\System32\KERNELBASE.dll
0x00007ffe4bb30000 - 0x00007ffe4bbde000 	C:\WINDOWS\System32\ADVAPI32.dll
0x00007ffe4b970000 - 0x00007ffe4ba0e000 	C:\WINDOWS\System32\msvcrt.dll
0x00007ffe4a530000 - 0x00007ffe4a5cc000 	C:\WINDOWS\System32\sechost.dll
0x00007ffe4b190000 - 0x00007ffe4b2b5000 	C:\WINDOWS\System32\RPCRT4.dll
0x00007ffe4abb0000 - 0x00007ffe4ad51000 	C:\WINDOWS\System32\USER32.dll
0x00007ffe49ed0000 - 0x00007ffe49ef2000 	C:\WINDOWS\System32\win32u.dll
0x00007ffe4a9d0000 - 0x00007ffe4a9fb000 	C:\WINDOWS\System32\GDI32.dll
0x00007ffe4a190000 - 0x00007ffe4a29d000 	C:\WINDOWS\System32\gdi32full.dll
0x00007ffe4a490000 - 0x00007ffe4a52d000 	C:\WINDOWS\System32\msvcp_win.dll
0x00007ffe4a300000 - 0x00007ffe4a400000 	C:\WINDOWS\System32\ucrtbase.dll
0x00007ffe418e0000 - 0x00007ffe41b7a000 	C:\WINDOWS\WinSxS\amd64_microsoft.windows.common-controls_6595b64144ccf1df_6.0.19041.1110_none_60b5254171f9507e\COMCTL32.dll
0x00007ffe4b940000 - 0x00007ffe4b970000 	C:\WINDOWS\System32\IMM32.DLL
0x0000000073090000 - 0x0000000073162000 	D:\develop\Android Studio\jre\jre\bin\msvcr100.dll
0x00000000706e0000 - 0x0000000070f2b000 	D:\develop\Android Studio\jre\jre\bin\server\jvm.dll
0x00007ffe4bb20000 - 0x00007ffe4bb28000 	C:\WINDOWS\System32\PSAPI.DLL
0x00007ffe3b8a0000 - 0x00007ffe3b8a9000 	C:\WINDOWS\SYSTEM32\WSOCK32.dll
0x00007ffe3fdd0000 - 0x00007ffe3fdf7000 	C:\WINDOWS\SYSTEM32\WINMM.dll
0x00007ffe4b740000 - 0x00007ffe4b7ab000 	C:\WINDOWS\System32\WS2_32.dll
0x00007ffe44e00000 - 0x00007ffe44e0a000 	C:\WINDOWS\SYSTEM32\VERSION.dll
0x00007ffe43920000 - 0x00007ffe4392f000 	D:\develop\Android Studio\jre\jre\bin\verify.dll
0x00007ffe33f40000 - 0x00007ffe33f69000 	D:\develop\Android Studio\jre\jre\bin\java.dll
0x00007ffe2f8c0000 - 0x00007ffe2f8d6000 	D:\develop\Android Studio\jre\jre\bin\zip.dll
0x00007ffe4bcd0000 - 0x00007ffe4c414000 	C:\WINDOWS\System32\SHELL32.dll
0x00007ffe47d10000 - 0x00007ffe484a5000 	C:\WINDOWS\SYSTEM32\windows.storage.dll
0x00007ffe4ae30000 - 0x00007ffe4b185000 	C:\WINDOWS\System32\combase.dll
0x00007ffe49650000 - 0x00007ffe4967e000 	C:\WINDOWS\SYSTEM32\Wldp.dll
0x00007ffe4ba10000 - 0x00007ffe4babd000 	C:\WINDOWS\System32\SHCORE.dll
0x00007ffe4bbe0000 - 0x00007ffe4bc35000 	C:\WINDOWS\System32\shlwapi.dll
0x00007ffe49b40000 - 0x00007ffe49b5f000 	C:\WINDOWS\SYSTEM32\profapi.dll
0x00007ffe2f8a0000 - 0x00007ffe2f8ba000 	D:\develop\Android Studio\jre\jre\bin\net.dll
0x00007ffe493b0000 - 0x00007ffe4941a000 	C:\WINDOWS\system32\mswsock.dll
0x00007ffe2e770000 - 0x00007ffe2e783000 	D:\develop\Android Studio\jre\jre\bin\nio.dll
0x00007ffe2fb60000 - 0x00007ffe2fb86000 	C:\Users\lucie\.gradle\native\31\windows-amd64\native-platform.dll
0x00007ffe42f00000 - 0x00007ffe42f0d000 	D:\develop\Android Studio\jre\jre\bin\management.dll
0x00007ffe495b0000 - 0x00007ffe495c8000 	C:\WINDOWS\SYSTEM32\CRYPTSP.dll
0x00007ffe48c60000 - 0x00007ffe48c94000 	C:\WINDOWS\system32\rsaenh.dll
0x00007ffe4a0b0000 - 0x00007ffe4a0d7000 	C:\WINDOWS\System32\bcrypt.dll
0x00007ffe49b00000 - 0x00007ffe49b2e000 	C:\WINDOWS\SYSTEM32\USERENV.dll
0x00007ffe4a400000 - 0x00007ffe4a482000 	C:\WINDOWS\System32\bcryptprimitives.dll
0x00007ffe495a0000 - 0x00007ffe495ac000 	C:\WINDOWS\SYSTEM32\CRYPTBASE.dll
0x00007ffe49050000 - 0x00007ffe4908b000 	C:\WINDOWS\SYSTEM32\IPHLPAPI.DLL
0x00007ffe4c420000 - 0x00007ffe4c428000 	C:\WINDOWS\System32\NSI.dll
0x00007ffe43900000 - 0x00007ffe43917000 	C:\WINDOWS\SYSTEM32\dhcpcsvc6.DLL
0x00007ffe43e20000 - 0x00007ffe43e3d000 	C:\WINDOWS\SYSTEM32\dhcpcsvc.DLL
0x00007ffe490a0000 - 0x00007ffe4916b000 	C:\WINDOWS\SYSTEM32\DNSAPI.dll
0x00007ffe489b0000 - 0x00007ffe489e3000 	C:\WINDOWS\SYSTEM32\ntmarta.dll
0x00007ffe441c0000 - 0x00007ffe441e4000 	D:\develop\Android Studio\jre\jre\bin\sunec.dll
0x00007ffe414c0000 - 0x00007ffe414ca000 	C:\Windows\System32\rasadhlp.dll
0x00007ffe414e0000 - 0x00007ffe4155f000 	C:\WINDOWS\System32\fwpuclnt.dll
0x00007ffe473f0000 - 0x00007ffe473fb000 	D:\develop\Android Studio\jre\jre\bin\sunmscapi.dll
0x00007ffe49f50000 - 0x00007ffe4a0a6000 	C:\WINDOWS\System32\CRYPT32.dll
0x00007ffe47540000 - 0x00007ffe475d0000 	C:\WINDOWS\system32\apphelp.dll
0x00007ffe405c0000 - 0x00007ffe405de000 	C:\Users\lucie\AppData\Local\Temp\native-platform3583167964409538024dir\native-platform.dll

VM Arguments:
jvm_args: -Xmx2048m -Dfile.encoding=windows-31j -Duser.country=JP -Duser.language=ja -Duser.variant 
java_command: org.gradle.launcher.daemon.bootstrap.GradleDaemon 6.1.1
java_class_path (initial): C:\Users\lucie\.gradle\wrapper\dists\gradle-6.1.1-all\cfmwm155h49vnt3hynmlrsdst\gradle-6.1.1\lib\gradle-launcher-6.1.1.jar
Launcher Type: SUN_STANDARD

Environment Variables:
JAVA_HOME=D:\JDK\Java\jdk-13.0.1
PATH=C:\Program Files (x86)\Intel\iCLS Client\;C:\Program Files\Intel\iCLS Client\;C:\Windows\system32;C:\Windows;C:\Windows\System32\Wbem;C:\Windows\System32\WindowsPowerShell\v1.0\;C:\Program Files (x86)\NVIDIA Corporation\PhysX\Common;C:\WINDOWS\system32;C:\WINDOWS;C:\WINDOWS\System32\Wbem;C:\WINDOWS\System32\WindowsPowerShell\v1.0\;C:\WINDOWS\System32\OpenSSH\;C:\Program Files (x86)\Intel\Intel(R) Management Engine Components\DAL;C:\Program Files\Intel\Intel(R) Management Engine Components\DAL;C:\Program Files (x86)\Intel\Intel(R) Management Engine Components\IPT;C:\Program Files\Intel\Intel(R) Management Engine Components\IPT;D:\MinGW\bin;D:\JDK\Java\jdk-13.0.1\bin;C:\Program Files\MySQL\MySQL Server 8.0\bin;D:\develop\Git\cmd;C:\Users\lucie\AppData\Local\Microsoft\WindowsApps;;D:\develop\Microsoft VS Code\bin
USERNAME=lucie
OS=Windows_NT
PROCESSOR_IDENTIFIER=Intel64 Family 6 Model 158 Stepping 9, GenuineIntel



---------------  S Y S T E M  ---------------

OS: Windows 10.0 , 64 bit Build 19041 (10.0.19041.1466)

CPU:total 4 (initial active 4) (4 cores per cpu, 1 threads per core) family 6 model 158 stepping 9, cmov, cx8, fxsr, mmx, sse, sse2, sse3, ssse3, sse4.1, sse4.2, popcnt, avx, avx2, aes, clmul, erms, 3dnowpref, lzcnt, tsc, tscinvbit, bmi1, bmi2, adx

Memory: 4k page, physical 8294544k(934268k free), swap 10342544k(2084k free)

vm_info: OpenJDK 64-Bit Server VM (25.242-b01) for windows-amd64 JRE (1.8.0_242-release-1644-b01), built by "builder" with MS VC++ 10.0 (VS2010)

time: Sun Jan 23 20:20:36 2022
timezone: ìåãû (ïWèÄéû)
elapsed time: 17919 seconds (0d 4h 58m 39s)

