#
# There is insufficient memory for the Java Runtime Environment to continue.
# Native memory allocation (malloc) failed to allocate 1574896 bytes for Chunk::new
# Possible reasons:
#   The system is out of physical RAM or swap space
#   The process is running with CompressedOops enabled, and the Java Heap may be blocking the growth of the native heap
# Possible solutions:
#   Reduce memory load on the system
#   Increase physical memory or swap space
#   Check if swap backing store is full
#   Decrease Java heap size (-Xmx/-Xms)
#   Decrease number of Java threads
#   Decrease Java thread stack sizes (-Xss)
#   Set larger code cache with -XX:ReservedCodeCacheSize=
#   JVM is running with Unscaled Compressed Oops mode in which the Java heap is
#     placed in the first 4GB address space. The Java Heap base address is the
#     maximum limit for the native heap growth. Please use -XX:HeapBaseMinAddress
#     to set the Java Heap base and to place the Java Heap above 4GB virtual address.
# This output file may be truncated or incomplete.
#
#  Out of Memory Error (allocation.cpp:389), pid=32820, tid=0x0000000000004d8c
#
# JRE version: OpenJDK Runtime Environment (8.0_242-b01) (build 1.8.0_242-release-1644-b01)
# Java VM: OpenJDK 64-Bit Server VM (25.242-b01 mixed mode windows-amd64 compressed oops)
# Failed to write core dump. Minidumps are not enabled by default on client versions of Windows
#

---------------  T H R E A D  ---------------

Current thread (0x00000000180c3800):  JavaThread "C2 CompilerThread0" daemon [_thread_in_native, id=19852, stack(0x0000000019670000,0x0000000019770000)]

Stack: [0x0000000019670000,0x0000000019770000]
[error occurred during error reporting (printing stack bounds), id 0xc0000005]

Native frames: (J=compiled Java code, j=interpreted, Vv=VM code, C=native code)


Current CompileTask:
C2:   1274 1549       4       com.sun.nio.zipfs.ZipFileSystem::addToTree (119 bytes)


---------------  P R O C E S S  ---------------

Java Threads: ( => current thread )
  0x00000000199e9000 JavaThread "Service Thread" daemon [_thread_blocked, id=23320, stack(0x0000000019d70000,0x0000000019e70000)]
  0x00000000180ca000 JavaThread "C1 CompilerThread2" daemon [_thread_blocked, id=32444, stack(0x0000000019870000,0x0000000019970000)]
  0x00000000180c7000 JavaThread "C2 CompilerThread1" daemon [_thread_blocked, id=30408, stack(0x0000000019770000,0x0000000019870000)]
=>0x00000000180c3800 JavaThread "C2 CompilerThread0" daemon [_thread_in_native, id=19852, stack(0x0000000019670000,0x0000000019770000)]
  0x0000000018080800 JavaThread "Attach Listener" daemon [_thread_blocked, id=26876, stack(0x0000000019570000,0x0000000019670000)]
  0x000000001807f800 JavaThread "Signal Dispatcher" daemon [_thread_blocked, id=6912, stack(0x0000000019470000,0x0000000019570000)]
  0x000000000350d000 JavaThread "Finalizer" daemon [_thread_blocked, id=4468, stack(0x00000000192d0000,0x00000000193d0000)]
  0x0000000003502800 JavaThread "Reference Handler" daemon [_thread_blocked, id=27040, stack(0x00000000191d0000,0x00000000192d0000)]
  0x0000000002f0e800 JavaThread "main" [_thread_in_Java, id=1232, stack(0x0000000003310000,0x0000000003410000)]

Other Threads:
  0x0000000018037000 VMThread [stack: 0x00000000190d0000,0x00000000191d0000] [id=10504]
  0x00000000199ea000 WatcherThread [stack: 0x0000000019e70000,0x0000000019f70000] [id=1932]

VM state:not at safepoint (normal execution)

VM Mutex/Monitor currently owned by a thread: None

heap address: 0x0000000081600000, size: 2026 MB, Compressed Oops mode: 32-bit
Narrow klass base: 0x0000000000000000, Narrow klass shift: 3
Compressed class space size: 1073741824 Address: 0x0000000100000000

Heap:
 PSYoungGen      total 71680K, used 5753K [0x00000000d5d00000, 0x00000000de900000, 0x0000000100000000)
  eden space 66560K, 8% used [0x00000000d5d00000,0x00000000d629e798,0x00000000d9e00000)
  from space 5120K, 0% used [0x00000000d9e00000,0x00000000d9e00000,0x00000000da300000)
  to   space 5120K, 0% used [0x00000000de400000,0x00000000de400000,0x00000000de900000)
 ParOldGen       total 78336K, used 15070K [0x0000000081600000, 0x0000000086280000, 0x00000000d5d00000)
  object space 78336K, 19% used [0x0000000081600000,0x00000000824b7b00,0x0000000086280000)
 Metaspace       used 21995K, capacity 22510K, committed 22832K, reserved 1069056K
  class space    used 2555K, capacity 2721K, committed 2816K, reserved 1048576K

Card table byte_map: [0x00000000128d0000,0x0000000012cd0000] byte_map_base: 0x00000000124c5000

Marking Bits: (ParMarkBitMap*) 0x0000000070eaf030
 Begin Bits: [0x0000000013380000, 0x0000000015328000)
 End Bits:   [0x0000000015328000, 0x00000000172d0000)

Polling page: 0x00000000016f0000

CodeCache: size=245760Kb used=4978Kb max_used=4995Kb free=240781Kb
 bounds [0x0000000003510000, 0x0000000003a00000, 0x0000000012510000]
 total_blobs=2069 nmethods=1623 adapters=359
 compilation: enabled

Compilation events (10 events):
Event: 1.264 Thread 0x00000000180c7000 1607       4       java.lang.Class::getName (21 bytes)
Event: 1.264 Thread 0x00000000180c7000 nmethod 1607 0x00000000039e9e90 code [0x00000000039e9fe0, 0x00000000039ea088]
Event: 1.268 Thread 0x00000000180c7000 1622       4       java.lang.String::startsWith (72 bytes)
Event: 1.269 Thread 0x00000000180ca000 1623       3       java.util.Properties::getProperty (46 bytes)
Event: 1.269 Thread 0x00000000180ca000 nmethod 1623 0x00000000039ecb50 code [0x00000000039ecce0, 0x00000000039ed198]
Event: 1.269 Thread 0x00000000180c7000 nmethod 1622 0x00000000039eb210 code [0x00000000039eb360, 0x00000000039eb538]
Event: 1.271 Thread 0x00000000180ca000 1624       3       java.util.AbstractCollection::addAll (42 bytes)
Event: 1.271 Thread 0x00000000180ca000 nmethod 1624 0x00000000039ea950 code [0x00000000039eab00, 0x00000000039eb058]
Event: 1.271 Thread 0x00000000180ca000 1625       1       com.sun.org.apache.xerces.internal.utils.XMLSecurityManager$Limit::systemProperty (5 bytes)
Event: 1.271 Thread 0x00000000180ca000 nmethod 1625 0x00000000039ea690 code [0x00000000039ea7e0, 0x00000000039ea8f0]

GC Heap History (8 events):
Event: 0.526 GC heap before
{Heap before GC invocations=1 (full 0):
 PSYoungGen      total 38400K, used 33280K [0x00000000d5d00000, 0x00000000d8780000, 0x0000000100000000)
  eden space 33280K, 100% used [0x00000000d5d00000,0x00000000d7d80000,0x00000000d7d80000)
  from space 5120K, 0% used [0x00000000d8280000,0x00000000d8280000,0x00000000d8780000)
  to   space 5120K, 0% used [0x00000000d7d80000,0x00000000d7d80000,0x00000000d8280000)
 ParOldGen       total 87552K, used 0K [0x0000000081600000, 0x0000000086b80000, 0x00000000d5d00000)
  object space 87552K, 0% used [0x0000000081600000,0x0000000081600000,0x0000000086b80000)
 Metaspace       used 10277K, capacity 10394K, committed 10624K, reserved 1058816K
  class space    used 1087K, capacity 1147K, committed 1152K, reserved 1048576K
Event: 0.533 GC heap after
Heap after GC invocations=1 (full 0):
 PSYoungGen      total 38400K, used 5118K [0x00000000d5d00000, 0x00000000da800000, 0x0000000100000000)
  eden space 33280K, 0% used [0x00000000d5d00000,0x00000000d5d00000,0x00000000d7d80000)
  from space 5120K, 99% used [0x00000000d7d80000,0x00000000d827f830,0x00000000d8280000)
  to   space 5120K, 0% used [0x00000000da300000,0x00000000da300000,0x00000000da800000)
 ParOldGen       total 87552K, used 2641K [0x0000000081600000, 0x0000000086b80000, 0x00000000d5d00000)
  object space 87552K, 3% used [0x0000000081600000,0x0000000081894690,0x0000000086b80000)
 Metaspace       used 10277K, capacity 10394K, committed 10624K, reserved 1058816K
  class space    used 1087K, capacity 1147K, committed 1152K, reserved 1048576K
}
Event: 0.927 GC heap before
{Heap before GC invocations=2 (full 0):
 PSYoungGen      total 38400K, used 38398K [0x00000000d5d00000, 0x00000000da800000, 0x0000000100000000)
  eden space 33280K, 100% used [0x00000000d5d00000,0x00000000d7d80000,0x00000000d7d80000)
  from space 5120K, 99% used [0x00000000d7d80000,0x00000000d827f830,0x00000000d8280000)
  to   space 5120K, 0% used [0x00000000da300000,0x00000000da300000,0x00000000da800000)
 ParOldGen       total 87552K, used 2641K [0x0000000081600000, 0x0000000086b80000, 0x00000000d5d00000)
  object space 87552K, 3% used [0x0000000081600000,0x0000000081894690,0x0000000086b80000)
 Metaspace       used 16065K, capacity 16406K, committed 16640K, reserved 1064960K
  class space    used 1839K, capacity 1945K, committed 2048K, reserved 1048576K
Event: 0.936 GC heap after
Heap after GC invocations=2 (full 0):
 PSYoungGen      total 71680K, used 5109K [0x00000000d5d00000, 0x00000000da800000, 0x0000000100000000)
  eden space 66560K, 0% used [0x00000000d5d00000,0x00000000d5d00000,0x00000000d9e00000)
  from space 5120K, 99% used [0x00000000da300000,0x00000000da7fd610,0x00000000da800000)
  to   space 5120K, 0% used [0x00000000d9e00000,0x00000000d9e00000,0x00000000da300000)
 ParOldGen       total 87552K, used 7731K [0x0000000081600000, 0x0000000086b80000, 0x00000000d5d00000)
  object space 87552K, 8% used [0x0000000081600000,0x0000000081d8ce88,0x0000000086b80000)
 Metaspace       used 16065K, capacity 16406K, committed 16640K, reserved 1064960K
  class space    used 1839K, capacity 1945K, committed 2048K, reserved 1048576K
}
Event: 1.164 GC heap before
{Heap before GC invocations=3 (full 0):
 PSYoungGen      total 71680K, used 26925K [0x00000000d5d00000, 0x00000000da800000, 0x0000000100000000)
  eden space 66560K, 32% used [0x00000000d5d00000,0x00000000d724de78,0x00000000d9e00000)
  from space 5120K, 99% used [0x00000000da300000,0x00000000da7fd610,0x00000000da800000)
  to   space 5120K, 0% used [0x00000000d9e00000,0x00000000d9e00000,0x00000000da300000)
 ParOldGen       total 87552K, used 7731K [0x0000000081600000, 0x0000000086b80000, 0x00000000d5d00000)
  object space 87552K, 8% used [0x0000000081600000,0x0000000081d8ce88,0x0000000086b80000)
 Metaspace       used 20735K, capacity 21212K, committed 21296K, reserved 1069056K
  class space    used 2376K, capacity 2546K, committed 2560K, reserved 1048576K
Event: 1.173 GC heap after
Heap after GC invocations=3 (full 0):
 PSYoungGen      total 71680K, used 5094K [0x00000000d5d00000, 0x00000000de900000, 0x0000000100000000)
  eden space 66560K, 0% used [0x00000000d5d00000,0x00000000d5d00000,0x00000000d9e00000)
  from space 5120K, 99% used [0x00000000d9e00000,0x00000000da2f9870,0x00000000da300000)
  to   space 5120K, 0% used [0x00000000de400000,0x00000000de400000,0x00000000de900000)
 ParOldGen       total 87552K, used 17738K [0x0000000081600000, 0x0000000086b80000, 0x00000000d5d00000)
  object space 87552K, 20% used [0x0000000081600000,0x0000000082752938,0x0000000086b80000)
 Metaspace       used 20735K, capacity 21212K, committed 21296K, reserved 1069056K
  class space    used 2376K, capacity 2546K, committed 2560K, reserved 1048576K
}
Event: 1.173 GC heap before
{Heap before GC invocations=4 (full 1):
 PSYoungGen      total 71680K, used 5094K [0x00000000d5d00000, 0x00000000de900000, 0x0000000100000000)
  eden space 66560K, 0% used [0x00000000d5d00000,0x00000000d5d00000,0x00000000d9e00000)
  from space 5120K, 99% used [0x00000000d9e00000,0x00000000da2f9870,0x00000000da300000)
  to   space 5120K, 0% used [0x00000000de400000,0x00000000de400000,0x00000000de900000)
 ParOldGen       total 87552K, used 17738K [0x0000000081600000, 0x0000000086b80000, 0x00000000d5d00000)
  object space 87552K, 20% used [0x0000000081600000,0x0000000082752938,0x0000000086b80000)
 Metaspace       used 20735K, capacity 21212K, committed 21296K, reserved 1069056K
  class space    used 2376K, capacity 2546K, committed 2560K, reserved 1048576K
Event: 1.208 GC heap after
Heap after GC invocations=4 (full 1):
 PSYoungGen      total 71680K, used 0K [0x00000000d5d00000, 0x00000000de900000, 0x0000000100000000)
  eden space 66560K, 0% used [0x00000000d5d00000,0x00000000d5d00000,0x00000000d9e00000)
  from space 5120K, 0% used [0x00000000d9e00000,0x00000000d9e00000,0x00000000da300000)
  to   space 5120K, 0% used [0x00000000de400000,0x00000000de400000,0x00000000de900000)
 ParOldGen       total 78336K, used 15070K [0x0000000081600000, 0x0000000086280000, 0x00000000d5d00000)
  object space 78336K, 19% used [0x0000000081600000,0x00000000824b7b00,0x0000000086280000)
 Metaspace       used 20735K, capacity 21212K, committed 21296K, reserved 1069056K
  class space    used 2376K, capacity 2546K, committed 2560K, reserved 1048576K
}

Deoptimization events (10 events):
Event: 1.017 Thread 0x0000000002f0e800 Uncommon trap: reason=class_check action=maybe_recompile pc=0x00000000038ba12c method=java.util.Collections$UnmodifiableList.get(I)Ljava/lang/Object; @ 5
Event: 1.018 Thread 0x0000000002f0e800 Uncommon trap: reason=class_check action=maybe_recompile pc=0x00000000038895c0 method=java.util.Collections$UnmodifiableCollection.size()I @ 4
Event: 1.018 Thread 0x0000000002f0e800 Uncommon trap: reason=class_check action=maybe_recompile pc=0x00000000038ba12c method=java.util.Collections$UnmodifiableList.get(I)Ljava/lang/Object; @ 5
Event: 1.018 Thread 0x0000000002f0e800 Uncommon trap: reason=class_check action=maybe_recompile pc=0x00000000038ba12c method=java.util.Collections$UnmodifiableList.get(I)Ljava/lang/Object; @ 5
Event: 1.030 Thread 0x0000000002f0e800 Uncommon trap: reason=unstable_if action=reinterpret pc=0x000000000373a660 method=sun.misc.MetaIndex.mayContain(Ljava/lang/String;)Z @ 38
Event: 1.031 Thread 0x0000000002f0e800 Uncommon trap: reason=unstable_if action=reinterpret pc=0x0000000003953db4 method=sun.misc.MetaIndex.mayContain(Ljava/lang/String;)Z @ 38
Event: 1.065 Thread 0x0000000002f0e800 Uncommon trap: reason=unstable_if action=reinterpret pc=0x00000000039c40dc method=java.util.Arrays.equals([B[B)Z @ 2
Event: 1.080 Thread 0x0000000002f0e800 Uncommon trap: reason=class_check action=maybe_recompile pc=0x00000000039b35f4 method=java.util.zip.InflaterInputStream.read([BII)I @ 100
Event: 1.225 Thread 0x0000000002f0e800 Uncommon trap: reason=unstable_if action=reinterpret pc=0x000000000373ce30 method=java.lang.String.startsWith(Ljava/lang/String;I)Z @ 25
Event: 1.225 Thread 0x0000000002f0e800 Uncommon trap: reason=unstable_if action=reinterpret pc=0x00000000036c3408 method=java.lang.String.startsWith(Ljava/lang/String;I)Z @ 25

Classes redefined (0 events):
No events

Internal exceptions (10 events):
Event: 0.338 Thread 0x0000000002f0e800 Exception <a 'java/security/PrivilegedActionException'> (0x00000000d6cf9768) thrown at [C:\src\AOSP-openjdk-git\hotspot\src\share\vm\prims\jvm.cpp, line 1502]
Event: 0.338 Thread 0x0000000002f0e800 Exception <a 'java/security/PrivilegedActionException'> (0x00000000d6cf9b60) thrown at [C:\src\AOSP-openjdk-git\hotspot\src\share\vm\prims\jvm.cpp, line 1502]
Event: 0.338 Thread 0x0000000002f0e800 Exception <a 'java/security/PrivilegedActionException'> (0x00000000d6cfb310) thrown at [C:\src\AOSP-openjdk-git\hotspot\src\share\vm\prims\jvm.cpp, line 1502]
Event: 0.338 Thread 0x0000000002f0e800 Exception <a 'java/security/PrivilegedActionException'> (0x00000000d6cfb708) thrown at [C:\src\AOSP-openjdk-git\hotspot\src\share\vm\prims\jvm.cpp, line 1502]
Event: 0.497 Thread 0x0000000002f0e800 Exception <a 'java/lang/ArrayIndexOutOfBoundsException'> (0x00000000d7aca6a8) thrown at [C:\src\AOSP-openjdk-git\hotspot\src\share\vm\runtime\sharedRuntime.cpp, line 605]
Event: 0.632 Thread 0x0000000002f0e800 Exception <a 'java/lang/ArrayIndexOutOfBoundsException'> (0x00000000d648cc78) thrown at [C:\src\AOSP-openjdk-git\hotspot\src\share\vm\runtime\sharedRuntime.cpp, line 605]
Event: 0.967 Thread 0x0000000002f0e800 Exception <a 'java/lang/NoSuchMethodError': java.lang.Object.lambda$comparing$77a9974f$1(Ljava/util/function/Function;Ljava/lang/Object;Ljava/lang/Object;)I> (0x00000000d5fb38a0) thrown at [C:\src\AOSP-openjdk-git\hotspot\src\share\vm\interpreter\linkReso
Event: 0.980 Thread 0x0000000002f0e800 Exception <a 'java/lang/NoSuchMethodError': java.lang.Object.lambda$static$0()J> (0x00000000d60c9ec8) thrown at [C:\src\AOSP-openjdk-git\hotspot\src\share\vm\interpreter\linkResolver.cpp, line 620]
Event: 1.137 Thread 0x0000000002f0e800 Exception <a 'java/lang/NoSuchMethodError': java.lang.Object.lambda$static$0(I)[Lorg/jetbrains/kotlin/com/intellij/openapi/editor/event/DocumentListener;> (0x00000000d700f968) thrown at [C:\src\AOSP-openjdk-git\hotspot\src\share\vm\interpreter\linkResolve
Event: 1.163 Thread 0x0000000002f0e800 Exception <a 'java/lang/NoSuchMethodError': java.lang.Object.lambda$static$0(I)[Lorg/jetbrains/kotlin/com/intellij/psi/PsiAnnotation;> (0x00000000d72378f0) thrown at [C:\src\AOSP-openjdk-git\hotspot\src\share\vm\interpreter\linkResolver.cpp, line 620]

Events (10 events):
Event: 1.273 loading class com/sun/org/apache/xerces/internal/impl/dtd/XMLDTDValidatorFilter
Event: 1.273 loading class com/sun/org/apache/xerces/internal/impl/dtd/XMLDTDValidatorFilter done
Event: 1.273 loading class com/sun/org/apache/xerces/internal/impl/RevalidationHandler
Event: 1.273 loading class com/sun/org/apache/xerces/internal/impl/RevalidationHandler done
Event: 1.273 loading class com/sun/org/apache/xerces/internal/impl/dtd/XMLDTDValidator done
Event: 1.273 loading class com/sun/org/apache/xerces/internal/impl/dtd/XMLNSDTDValidator done
Event: 1.273 loading class com/sun/org/apache/xerces/internal/impl/validation/ValidationState
Event: 1.273 loading class com/sun/org/apache/xerces/internal/impl/dv/ValidationContext
Event: 1.273 loading class com/sun/org/apache/xerces/internal/impl/dv/ValidationContext done
Event: 1.273 loading class com/sun/org/apache/xerces/internal/impl/validation/ValidationState done


Dynamic libraries:
0x00007ff654140000 - 0x00007ff654171000 	D:\develop\Android Studio\jre\jre\bin\java.exe
0x00007ffe4c4f0000 - 0x00007ffe4c6e5000 	C:\WINDOWS\SYSTEM32\ntdll.dll
0x00007ffe4a5d0000 - 0x00007ffe4a68e000 	C:\WINDOWS\System32\KERNEL32.DLL
0x00007ffe49c00000 - 0x00007ffe49ec8000 	C:\WINDOWS\System32\KERNELBASE.dll
0x00007ffe4bb30000 - 0x00007ffe4bbde000 	C:\WINDOWS\System32\ADVAPI32.dll
0x00007ffe4b970000 - 0x00007ffe4ba0e000 	C:\WINDOWS\System32\msvcrt.dll
0x00007ffe4a530000 - 0x00007ffe4a5cc000 	C:\WINDOWS\System32\sechost.dll
0x00007ffe4b190000 - 0x00007ffe4b2b5000 	C:\WINDOWS\System32\RPCRT4.dll
0x00007ffe4abb0000 - 0x00007ffe4ad51000 	C:\WINDOWS\System32\USER32.dll
0x00007ffe49ed0000 - 0x00007ffe49ef2000 	C:\WINDOWS\System32\win32u.dll
0x00007ffe4a9d0000 - 0x00007ffe4a9fb000 	C:\WINDOWS\System32\GDI32.dll
0x00007ffe4a190000 - 0x00007ffe4a29d000 	C:\WINDOWS\System32\gdi32full.dll
0x00007ffe4a490000 - 0x00007ffe4a52d000 	C:\WINDOWS\System32\msvcp_win.dll
0x00007ffe4a300000 - 0x00007ffe4a400000 	C:\WINDOWS\System32\ucrtbase.dll
0x00007ffe418e0000 - 0x00007ffe41b7a000 	C:\WINDOWS\WinSxS\amd64_microsoft.windows.common-controls_6595b64144ccf1df_6.0.19041.1110_none_60b5254171f9507e\COMCTL32.dll
0x00007ffe4b940000 - 0x00007ffe4b970000 	C:\WINDOWS\System32\IMM32.DLL
0x0000000073080000 - 0x0000000073152000 	D:\develop\Android Studio\jre\jre\bin\msvcr100.dll
0x00000000706e0000 - 0x0000000070f2b000 	D:\develop\Android Studio\jre\jre\bin\server\jvm.dll
0x00007ffe4bb20000 - 0x00007ffe4bb28000 	C:\WINDOWS\System32\PSAPI.DLL
0x00007ffe3fdd0000 - 0x00007ffe3fdf7000 	C:\WINDOWS\SYSTEM32\WINMM.dll
0x00007ffe44e00000 - 0x00007ffe44e0a000 	C:\WINDOWS\SYSTEM32\VERSION.dll
0x00007ffe3b8a0000 - 0x00007ffe3b8a9000 	C:\WINDOWS\SYSTEM32\WSOCK32.dll
0x00007ffe4b740000 - 0x00007ffe4b7ab000 	C:\WINDOWS\System32\WS2_32.dll
0x00007ffe43920000 - 0x00007ffe4392f000 	D:\develop\Android Studio\jre\jre\bin\verify.dll
0x00007ffe33f40000 - 0x00007ffe33f69000 	D:\develop\Android Studio\jre\jre\bin\java.dll
0x00007ffe2f8c0000 - 0x00007ffe2f8d6000 	D:\develop\Android Studio\jre\jre\bin\zip.dll
0x00007ffe4bcd0000 - 0x00007ffe4c414000 	C:\WINDOWS\System32\SHELL32.dll
0x00007ffe47d10000 - 0x00007ffe484a5000 	C:\WINDOWS\SYSTEM32\windows.storage.dll
0x00007ffe4ae30000 - 0x00007ffe4b185000 	C:\WINDOWS\System32\combase.dll
0x00007ffe49650000 - 0x00007ffe4967e000 	C:\WINDOWS\SYSTEM32\Wldp.dll
0x00007ffe4ba10000 - 0x00007ffe4babd000 	C:\WINDOWS\System32\SHCORE.dll
0x00007ffe4bbe0000 - 0x00007ffe4bc35000 	C:\WINDOWS\System32\shlwapi.dll
0x00007ffe49b40000 - 0x00007ffe49b5f000 	C:\WINDOWS\SYSTEM32\profapi.dll
0x00007ffe2f8a0000 - 0x00007ffe2f8ba000 	D:\develop\Android Studio\jre\jre\bin\net.dll
0x00007ffe493b0000 - 0x00007ffe4941a000 	C:\WINDOWS\system32\mswsock.dll
0x00007ffe2e770000 - 0x00007ffe2e783000 	D:\develop\Android Studio\jre\jre\bin\nio.dll

VM Arguments:
java_command: org.jetbrains.kotlin.cli.jvm.K2JVMCompiler @D:\develop\GodDiary2\app\build\20220123_7184311580016298188.compiler.options
java_class_path (initial): C:\Users\lucie\.gradle\caches\modules-2\files-2.1\org.jetbrains.kotlin\kotlin-compiler-embeddable\1.4.21\87db94500aaf883536ae8c8efdee76bdc839d582\kotlin-compiler-embeddable-1.4.21.jar;C:\Users\lucie\.gradle\caches\modules-2\files-2.1\org.jetbrains.kotlin\kotlin-reflect\1.4.21\748f681f4e3edbe9285ff46710c79049c70f4dfa\kotlin-reflect-1.4.21.jar;C:\Users\lucie\.gradle\caches\modules-2\files-2.1\org.jetbrains.kotlin\kotlin-stdlib\1.4.21\4a668382d7c38688d3490afde93b6a113ed46698\kotlin-stdlib-1.4.21.jar;C:\Users\lucie\.gradle\caches\modules-2\files-2.1\org.jetbrains.kotlin\kotlin-script-runtime\1.4.21\1247decba314790165b4fe94d09c45b09db6b07f\kotlin-script-runtime-1.4.21.jar;C:\Users\lucie\.gradle\caches\modules-2\files-2.1\org.jetbrains.kotlin\kotlin-daemon-embeddable\1.4.21\bc95bcebdc871d45d9852b0c01abe9bec373bb52\kotlin-daemon-embeddable-1.4.21.jar;C:\Users\lucie\.gradle\caches\modules-2\files-2.1\org.jetbrains.intellij.deps\trove4j\1.0.20181211\216c2e14b070f334479d800987affe4054cd563f\trove4j-1.0.20181211.jar;C:\Users\lucie\.gradle\caches\modules-2\files-2.1\org.jetbrains.kotlin\kotlin-stdlib-common\1.4.21\7f48a062aa4b53215998780f7c245a4276828e1d\kotlin-stdlib-common-1.4.21.jar;C:\Users\lucie\.gradle\caches\modules-2\files-2.1\org.jetbrains\annotations\13.0\919f0dfe192fb4e063e7dacadee7f8bb9a2672a9\annotations-13.0.jar;D:\develop\Android Studio\jre\lib\tools.jar
Launcher Type: SUN_STANDARD

Environment Variables:
JAVA_HOME=D:\JDK\Java\jdk-13.0.1
PATH=C:\Program Files (x86)\Intel\iCLS Client\;C:\Program Files\Intel\iCLS Client\;C:\Windows\system32;C:\Windows;C:\Windows\System32\Wbem;C:\Windows\System32\WindowsPowerShell\v1.0\;C:\Program Files (x86)\NVIDIA Corporation\PhysX\Common;C:\WINDOWS\system32;C:\WINDOWS;C:\WINDOWS\System32\Wbem;C:\WINDOWS\System32\WindowsPowerShell\v1.0\;C:\WINDOWS\System32\OpenSSH\;C:\Program Files (x86)\Intel\Intel(R) Management Engine Components\DAL;C:\Program Files\Intel\Intel(R) Management Engine Components\DAL;C:\Program Files (x86)\Intel\Intel(R) Management Engine Components\IPT;C:\Program Files\Intel\Intel(R) Management Engine Components\IPT;D:\MinGW\bin;D:\JDK\Java\jdk-13.0.1\bin;C:\Program Files\MySQL\MySQL Server 8.0\bin;D:\develop\Git\cmd;C:\Users\lucie\AppData\Local\Microsoft\WindowsApps;;D:\develop\Microsoft VS Code\bin
USERNAME=lucie
OS=Windows_NT
PROCESSOR_IDENTIFIER=Intel64 Family 6 Model 158 Stepping 9, GenuineIntel



---------------  S Y S T E M  ---------------

OS: Windows 10.0 , 64 bit Build 19041 (10.0.19041.1466)

CPU:total 4 (initial active 4) (4 cores per cpu, 1 threads per core) family 6 model 158 stepping 9, cmov, cx8, fxsr, mmx, sse, sse2, sse3, ssse3, sse4.1, sse4.2, popcnt, avx, avx2, aes, clmul, erms, 3dnowpref, lzcnt, tsc, tscinvbit, bmi1, bmi2, adx

Memory: 4k page, physical 8294544k(1325688k free), swap 10342544k(6112k free)

vm_info: OpenJDK 64-Bit Server VM (25.242-b01) for windows-amd64 JRE (1.8.0_242-release-1644-b01), built by "builder" with MS VC++ 10.0 (VS2010)

time: Sun Jan 23 23:24:04 2022
timezone: ìåãû (ïWèÄéû)
elapsed time: 1 seconds (0d 0h 0m 1s)

