#
# There is insufficient memory for the Java Runtime Environment to continue.
# Native memory allocation (malloc) failed to allocate 1636448 bytes for Chunk::new
# Possible reasons:
#   The system is out of physical RAM or swap space
#   The process is running with CompressedOops enabled, and the Java Heap may be blocking the growth of the native heap
# Possible solutions:
#   Reduce memory load on the system
#   Increase physical memory or swap space
#   Check if swap backing store is full
#   Decrease Java heap size (-Xmx/-Xms)
#   Decrease number of Java threads
#   Decrease Java thread stack sizes (-Xss)
#   Set larger code cache with -XX:ReservedCodeCacheSize=
#   JVM is running with Unscaled Compressed Oops mode in which the Java heap is
#     placed in the first 4GB address space. The Java Heap base address is the
#     maximum limit for the native heap growth. Please use -XX:HeapBaseMinAddress
#     to set the Java Heap base and to place the Java Heap above 4GB virtual address.
# This output file may be truncated or incomplete.
#
#  Out of Memory Error (allocation.cpp:389), pid=24464, tid=0x00000000000008f4
#
# JRE version: OpenJDK Runtime Environment (8.0_242-b01) (build 1.8.0_242-release-1644-b01)
# Java VM: OpenJDK 64-Bit Server VM (25.242-b01 mixed mode windows-amd64 compressed oops)
# Failed to write core dump. Minidumps are not enabled by default on client versions of Windows
#

---------------  T H R E A D  ---------------

Current thread (0x0000000017f74800):  JavaThread "C2 CompilerThread1" daemon [_thread_in_native, id=2292, stack(0x0000000019620000,0x0000000019720000)]

Stack: [0x0000000019620000,0x0000000019720000]
[error occurred during error reporting (printing stack bounds), id 0xc0000005]

Native frames: (J=compiled Java code, j=interpreted, Vv=VM code, C=native code)


Current CompileTask:
C2:1838068 28374       4       com.android.tools.r8.ir.regalloc.a::a (3993 bytes)


---------------  P R O C E S S  ---------------

Java Threads: ( => current thread )
  0x000000001b888800 JavaThread "WorkerExecutor Queue Thread 3" [_thread_blocked, id=28056, stack(0x0000000032d40000,0x0000000032e40000)]
  0x000000001a851800 JavaThread "Cache worker for Java compile cache (D:\develop\GodDiary2\.gradle\6.1.1\javaCompile)" [_thread_blocked, id=26784, stack(0x0000000032c40000,0x0000000032d40000)]
  0x000000001a853800 JavaThread "Cache worker for Java compile cache (C:\Users\lucie\.gradle\caches\6.1.1\javaCompile)" [_thread_blocked, id=27208, stack(0x000000002be00000,0x000000002bf00000)]
  0x000000001a853000 JavaThread "RMI TCP Connection(1)-127.0.0.1" daemon [_thread_in_native, id=14212, stack(0x000000002f6f0000,0x000000002f7f0000)]
  0x000000001a852000 JavaThread "RMI Reaper" [_thread_blocked, id=11356, stack(0x000000002c100000,0x000000002c200000)]
  0x000000001a856000 JavaThread "RMI TCP Accept-0" daemon [_thread_in_native, id=8196, stack(0x000000002c000000,0x000000002c100000)]
  0x000000001a84a800 JavaThread "GC Daemon" daemon [_thread_blocked, id=20948, stack(0x000000002bf00000,0x000000002c000000)]
  0x000000001a84a000 JavaThread "RMI Scheduler(0)" daemon [_thread_blocked, id=31040, stack(0x000000002b8e0000,0x000000002b9e0000)]
  0x000000001a849000 JavaThread "stdout" [_thread_in_native, id=26044, stack(0x000000002b5e0000,0x000000002b6e0000)]
  0x000000001a850000 JavaThread "stderr" [_thread_in_native, id=26804, stack(0x000000002b4e0000,0x000000002b5e0000)]
  0x000000001a84d800 JavaThread "pool-17-thread-1" [_thread_blocked, id=28200, stack(0x000000002b3e0000,0x000000002b4e0000)]
  0x000000001f2ed800 JavaThread "WorkerExecutor Queue Thread 2" [_thread_in_Java, id=17168, stack(0x000000002b2e0000,0x000000002b3e0000)]
  0x000000001f2e6000 JavaThread "WorkerExecutor Queue" [_thread_blocked, id=26252, stack(0x000000002b1e0000,0x000000002b2e0000)]
  0x000000001f2ed000 JavaThread "Cache worker for execution history cache (D:\develop\GodDiary2\.gradle\6.1.1\executionHistory)" [_thread_blocked, id=26596, stack(0x000000002b0e0000,0x000000002b1e0000)]
  0x000000001f2ec000 JavaThread "Execution worker for ':' Thread 3" [_thread_in_Java, id=29668, stack(0x000000002ade0000,0x000000002aee0000)]
  0x000000001f2eb800 JavaThread "Execution worker for ':' Thread 2" [_thread_blocked, id=7600, stack(0x000000002ace0000,0x000000002ade0000)]
  0x000000001f2e4000 JavaThread "Execution worker for ':'" [_thread_blocked, id=30908, stack(0x0000000028790000,0x0000000028890000)]
  0x000000001f2e5800 JavaThread "Cache worker for file content cache (D:\develop\GodDiary2\.gradle\6.1.1\fileContent)" [_thread_blocked, id=23028, stack(0x0000000027a90000,0x0000000027b90000)]
  0x000000001f2e7800 JavaThread "Cache worker for Build Output Cleanup Cache (D:\develop\GodDiary2\.gradle\buildOutputCleanup)" [_thread_blocked, id=26060, stack(0x0000000027590000,0x0000000027690000)]
  0x000000001f2e7000 JavaThread "Build operations Thread 4" [_thread_blocked, id=19668, stack(0x0000000027240000,0x0000000027340000)]
  0x000000002265c000 JavaThread "Build operations Thread 3" [_thread_blocked, id=18944, stack(0x0000000025690000,0x0000000025790000)]
  0x000000002265b000 JavaThread "Build operations Thread 2" [_thread_blocked, id=7104, stack(0x0000000024f90000,0x0000000025090000)]
  0x000000002265a800 JavaThread "Build operations" [_thread_blocked, id=18508, stack(0x00000000233f0000,0x00000000234f0000)]
  0x0000000022659800 JavaThread "Cache worker for cache directory md-rule (C:\Users\lucie\.gradle\caches\6.1.1\md-rule)" [_thread_blocked, id=21416, stack(0x0000000023020000,0x0000000023120000)]
  0x0000000022658000 JavaThread "Cache worker for cache directory md-supplier (C:\Users\lucie\.gradle\caches\6.1.1\md-supplier)" [_thread_blocked, id=22136, stack(0x0000000022f20000,0x0000000023020000)]
  0x000000002265f000 JavaThread "Cache worker for file hash cache (D:\develop\GodDiary2\.gradle\6.1.1\fileHashes)" [_thread_blocked, id=13680, stack(0x00000000200d0000,0x00000000201d0000)]
  0x0000000022650800 JavaThread "Cache worker for checksums cache (D:\develop\GodDiary2\.gradle\checksums)" [_thread_blocked, id=24792, stack(0x000000001d9c0000,0x000000001dac0000)]
  0x0000000022656000 JavaThread "Thread-155" [_thread_blocked, id=25080, stack(0x000000001d1c0000,0x000000001d2c0000)]
  0x0000000022654800 JavaThread "Stdin handler" [_thread_blocked, id=22504, stack(0x000000001cfc0000,0x000000001d0c0000)]
  0x0000000022653800 JavaThread "Asynchronous log dispatcher for DefaultDaemonConnection: socket connection from /127.0.0.1:53412 to /127.0.0.1:54097" [_thread_in_native, id=2676, stack(0x000000001ccc0000,0x000000001cdc0000)]
  0x0000000022653000 JavaThread "Cancel handler" [_thread_blocked, id=17536, stack(0x000000001cbc0000,0x000000001ccc0000)]
  0x0000000022657800 JavaThread "Handler for socket connection from /127.0.0.1:53412 to /127.0.0.1:54097" [_thread_in_native, id=31516, stack(0x0000000001430000,0x0000000001530000)]
  0x000000001a848800 JavaThread "Daemon worker Thread 5" [_thread_in_Java, id=20244, stack(0x000000001d0c0000,0x000000001d1c0000)]
  0x000000001a84e800 JavaThread "Daemon Thread 5" [_thread_blocked, id=24320, stack(0x0000000001330000,0x0000000001430000)]
  0x000000002265c800 JavaThread "Cache worker for file content cache (C:\Users\lucie\.gradle\caches\6.1.1\fileContent)" [_thread_blocked, id=2180, stack(0x000000002a1c0000,0x000000002a2c0000)]
  0x0000000022652000 JavaThread "Memory manager" [_thread_blocked, id=4292, stack(0x0000000028990000,0x0000000028a90000)]
  0x000000001f2e9000 JavaThread "Cache worker for execution history cache (C:\Users\lucie\.gradle\caches\6.1.1\executionHistory)" [_thread_blocked, id=10956, stack(0x0000000021450000,0x0000000021550000)]
  0x000000001b885000 JavaThread "Cache worker for file hash cache (C:\Users\lucie\.gradle\caches\6.1.1\fileHashes)" [_thread_blocked, id=27724, stack(0x000000001d8c0000,0x000000001d9c0000)]
  0x000000001b884000 JavaThread "File lock request listener" [_thread_in_native, id=30736, stack(0x000000001d7c0000,0x000000001d8c0000)]
  0x000000001b883800 JavaThread "Cache worker for journal cache (C:\Users\lucie\.gradle\caches\journal-1)" [_thread_blocked, id=19132, stack(0x000000001d6c0000,0x000000001d7c0000)]
  0x000000001b831800 JavaThread "Daemon periodic checks" [_thread_blocked, id=7348, stack(0x000000001cac0000,0x000000001cbc0000)]
  0x000000001b818000 JavaThread "Incoming local TCP Connector on port 53412" [_thread_in_native, id=28824, stack(0x000000001c8e0000,0x000000001c9e0000)]
  0x000000001b5ed800 JavaThread "Daemon health stats" [_thread_blocked, id=22972, stack(0x000000001c7c0000,0x000000001c8c0000)]
  0x0000000019828800 JavaThread "Service Thread" daemon [_thread_blocked, id=17872, stack(0x0000000019c20000,0x0000000019d20000)]
  0x0000000017f78000 JavaThread "C1 CompilerThread2" daemon [_thread_blocked, id=2776, stack(0x0000000019720000,0x0000000019820000)]
=>0x0000000017f74800 JavaThread "C2 CompilerThread1" daemon [_thread_in_native, id=2292, stack(0x0000000019620000,0x0000000019720000)]
  0x0000000017f71800 JavaThread "C2 CompilerThread0" daemon [_thread_in_native, id=15968, stack(0x0000000019520000,0x0000000019620000)]
  0x0000000017f2e800 JavaThread "Attach Listener" daemon [_thread_blocked, id=26028, stack(0x0000000019420000,0x0000000019520000)]
  0x0000000017f2d000 JavaThread "Signal Dispatcher" daemon [_thread_blocked, id=8384, stack(0x0000000019320000,0x0000000019420000)]
  0x00000000032c9800 JavaThread "Finalizer" daemon [_thread_blocked, id=7948, stack(0x0000000019170000,0x0000000019270000)]
  0x00000000032c1000 JavaThread "Reference Handler" daemon [_thread_blocked, id=25132, stack(0x0000000019070000,0x0000000019170000)]
  0x0000000002d4d800 JavaThread "main" [_thread_blocked, id=16868, stack(0x0000000002d70000,0x0000000002e70000)]

Other Threads:
  0x0000000017ee6800 VMThread [stack: 0x0000000018f70000,0x0000000019070000] [id=26632]
  0x0000000017f7a800 WatcherThread [stack: 0x0000000019d20000,0x0000000019e20000] [id=30684]

VM state:not at safepoint (normal execution)

VM Mutex/Monitor currently owned by a thread: None

heap address: 0x0000000080000000, size: 2048 MB, Compressed Oops mode: 32-bit
Narrow klass base: 0x0000000000000000, Narrow klass shift: 3
Compressed class space size: 1073741824 Address: 0x0000000100000000

Heap:
 PSYoungGen      total 608768K, used 153148K [0x00000000d5580000, 0x00000000ff680000, 0x0000000100000000)
  eden space 527872K, 22% used [0x00000000d5580000,0x00000000dc7dd9d0,0x00000000f5900000)
  from space 80896K, 44% used [0x00000000fa600000,0x00000000fc931a08,0x00000000ff500000)
  to   space 78848K, 0% used [0x00000000f5900000,0x00000000f5900000,0x00000000fa600000)
 ParOldGen       total 304128K, used 165806K [0x0000000080000000, 0x0000000092900000, 0x00000000d5580000)
  object space 304128K, 54% used [0x0000000080000000,0x000000008a1eba00,0x0000000092900000)
 Metaspace       used 146072K, capacity 154508K, committed 154776K, reserved 1183744K
  class space    used 18714K, capacity 20300K, committed 20376K, reserved 1048576K

Card table byte_map: [0x0000000012690000,0x0000000012aa0000] byte_map_base: 0x0000000012290000

Marking Bits: (ParMarkBitMap*) 0x0000000070eaf030
 Begin Bits: [0x0000000013150000, 0x0000000015150000)
 End Bits:   [0x0000000015150000, 0x0000000017150000)

Polling page: 0x0000000001570000

CodeCache: size=245760Kb used=77174Kb max_used=77174Kb free=168585Kb
 bounds [0x00000000032d0000, 0x0000000007ea0000, 0x00000000122d0000]
 total_blobs=23384 nmethods=22396 adapters=898
 compilation: enabled

Compilation events (10 events):
Event: 1837.966 Thread 0x0000000017f78000 29001       2       com.android.tools.r8.graph.W$$Lambda$934/712444509::apply (8 bytes)
Event: 1837.966 Thread 0x0000000017f78000 nmethod 29001 0x0000000007e8c510 code [0x0000000007e8c660, 0x0000000007e8c7f0]
Event: 1837.966 Thread 0x0000000017f78000 29003       2       java.util.stream.IntPipeline$4$1::accept (23 bytes)
Event: 1837.966 Thread 0x0000000017f78000 nmethod 29003 0x0000000007e8c8d0 code [0x0000000007e8ca40, 0x0000000007e8cbf8]
Event: 1837.966 Thread 0x0000000017f78000 29002       2       com.android.tools.r8.graph.W$$Lambda$935/1850141978::apply (8 bytes)
Event: 1837.967 Thread 0x0000000017f78000 nmethod 29002 0x0000000007e8ccd0 code [0x0000000007e8ce20, 0x0000000007e8cfb0]
Event: 1837.988 Thread 0x0000000017f78000 29004       3       com.android.tools.r8.u.b.n::K (80 bytes)
Event: 1837.989 Thread 0x0000000017f78000 nmethod 29004 0x0000000007e8d090 code [0x0000000007e8d2a0, 0x0000000007e8dbd8]
Event: 1838.045 Thread 0x0000000017f78000 29005       1       com.android.tools.r8.code.e0::m (3 bytes)
Event: 1838.045 Thread 0x0000000017f78000 nmethod 29005 0x0000000007e8ded0 code [0x0000000007e8e020, 0x0000000007e8e130]

GC Heap History (10 events):
Event: 1800.921 GC heap before
{Heap before GC invocations=39 (full 5):
 PSYoungGen      total 588800K, used 500605K [0x00000000d5580000, 0x00000000ffa80000, 0x0000000100000000)
  eden space 486400K, 100% used [0x00000000d5580000,0x00000000f3080000,0x00000000f3080000)
  from space 102400K, 13% used [0x00000000f3080000,0x00000000f3e5f670,0x00000000f9480000)
  to   space 98816K, 0% used [0x00000000f9a00000,0x00000000f9a00000,0x00000000ffa80000)
 ParOldGen       total 304128K, used 152202K [0x0000000080000000, 0x0000000092900000, 0x00000000d5580000)
  object space 304128K, 50% used [0x0000000080000000,0x00000000894a2ad0,0x0000000092900000)
 Metaspace       used 135221K, capacity 142818K, committed 143000K, reserved 1173504K
  class space    used 17268K, capacity 18738K, committed 18840K, reserved 1048576K
Event: 1800.933 GC heap after
Heap after GC invocations=39 (full 5):
 PSYoungGen      total 594944K, used 800K [0x00000000d5580000, 0x00000000ff980000, 0x0000000100000000)
  eden space 497152K, 0% used [0x00000000d5580000,0x00000000d5580000,0x00000000f3b00000)
  from space 97792K, 0% used [0x00000000f9a00000,0x00000000f9ac8000,0x00000000ff980000)
  to   space 97280K, 0% used [0x00000000f3b00000,0x00000000f3b00000,0x00000000f9a00000)
 ParOldGen       total 304128K, used 165782K [0x0000000080000000, 0x0000000092900000, 0x00000000d5580000)
  object space 304128K, 54% used [0x0000000080000000,0x000000008a1e5a00,0x0000000092900000)
 Metaspace       used 135221K, capacity 142818K, committed 143000K, reserved 1173504K
  class space    used 17268K, capacity 18738K, committed 18840K, reserved 1048576K
}
Event: 1805.482 GC heap before
{Heap before GC invocations=40 (full 5):
 PSYoungGen      total 594944K, used 497952K [0x00000000d5580000, 0x00000000ff980000, 0x0000000100000000)
  eden space 497152K, 100% used [0x00000000d5580000,0x00000000f3b00000,0x00000000f3b00000)
  from space 97792K, 0% used [0x00000000f9a00000,0x00000000f9ac8000,0x00000000ff980000)
  to   space 97280K, 0% used [0x00000000f3b00000,0x00000000f3b00000,0x00000000f9a00000)
 ParOldGen       total 304128K, used 165782K [0x0000000080000000, 0x0000000092900000, 0x00000000d5580000)
  object space 304128K, 54% used [0x0000000080000000,0x000000008a1e5a00,0x0000000092900000)
 Metaspace       used 137610K, capacity 145538K, committed 145560K, reserved 1175552K
  class space    used 17557K, capacity 19077K, committed 19096K, reserved 1048576K
Event: 1805.504 GC heap after
Heap after GC invocations=40 (full 5):
 PSYoungGen      total 594432K, used 17577K [0x00000000d5580000, 0x00000000ff580000, 0x0000000100000000)
  eden space 497152K, 0% used [0x00000000d5580000,0x00000000d5580000,0x00000000f3b00000)
  from space 97280K, 18% used [0x00000000f3b00000,0x00000000f4c2a4c0,0x00000000f9a00000)
  to   space 92160K, 0% used [0x00000000f9b80000,0x00000000f9b80000,0x00000000ff580000)
 ParOldGen       total 304128K, used 165790K [0x0000000080000000, 0x0000000092900000, 0x00000000d5580000)
  object space 304128K, 54% used [0x0000000080000000,0x000000008a1e7a00,0x0000000092900000)
 Metaspace       used 137610K, capacity 145538K, committed 145560K, reserved 1175552K
  class space    used 17557K, capacity 19077K, committed 19096K, reserved 1048576K
}
Event: 1833.029 GC heap before
{Heap before GC invocations=41 (full 5):
 PSYoungGen      total 594432K, used 514729K [0x00000000d5580000, 0x00000000ff580000, 0x0000000100000000)
  eden space 497152K, 100% used [0x00000000d5580000,0x00000000f3b00000,0x00000000f3b00000)
  from space 97280K, 18% used [0x00000000f3b00000,0x00000000f4c2a4c0,0x00000000f9a00000)
  to   space 92160K, 0% used [0x00000000f9b80000,0x00000000f9b80000,0x00000000ff580000)
 ParOldGen       total 304128K, used 165790K [0x0000000080000000, 0x0000000092900000, 0x00000000d5580000)
  object space 304128K, 54% used [0x0000000080000000,0x000000008a1e7a00,0x0000000092900000)
 Metaspace       used 140103K, capacity 148278K, committed 148504K, reserved 1177600K
  class space    used 17926K, capacity 19445K, committed 19480K, reserved 1048576K
Event: 1833.068 GC heap after
Heap after GC invocations=41 (full 5):
 PSYoungGen      total 595968K, used 29127K [0x00000000d5580000, 0x00000000ff000000, 0x0000000100000000)
  eden space 509440K, 0% used [0x00000000d5580000,0x00000000d5580000,0x00000000f4700000)
  from space 86528K, 33% used [0x00000000f9b80000,0x00000000fb7f1f60,0x00000000ff000000)
  to   space 86528K, 0% used [0x00000000f4700000,0x00000000f4700000,0x00000000f9b80000)
 ParOldGen       total 304128K, used 165798K [0x0000000080000000, 0x0000000092900000, 0x00000000d5580000)
  object space 304128K, 54% used [0x0000000080000000,0x000000008a1e9a00,0x0000000092900000)
 Metaspace       used 140103K, capacity 148278K, committed 148504K, reserved 1177600K
  class space    used 17926K, capacity 19445K, committed 19480K, reserved 1048576K
}
Event: 1836.227 GC heap before
{Heap before GC invocations=42 (full 5):
 PSYoungGen      total 595968K, used 538567K [0x00000000d5580000, 0x00000000ff000000, 0x0000000100000000)
  eden space 509440K, 100% used [0x00000000d5580000,0x00000000f4700000,0x00000000f4700000)
  from space 86528K, 33% used [0x00000000f9b80000,0x00000000fb7f1f60,0x00000000ff000000)
  to   space 86528K, 0% used [0x00000000f4700000,0x00000000f4700000,0x00000000f9b80000)
 ParOldGen       total 304128K, used 165798K [0x0000000080000000, 0x0000000092900000, 0x00000000d5580000)
  object space 304128K, 54% used [0x0000000080000000,0x000000008a1e9a00,0x0000000092900000)
 Metaspace       used 145459K, capacity 153796K, committed 153880K, reserved 1183744K
  class space    used 18627K, capacity 20232K, committed 20248K, reserved 1048576K
Event: 1836.257 GC heap after
Heap after GC invocations=42 (full 5):
 PSYoungGen      total 595968K, used 28827K [0x00000000d5580000, 0x00000000ff500000, 0x0000000100000000)
  eden space 509440K, 0% used [0x00000000d5580000,0x00000000d5580000,0x00000000f4700000)
  from space 86528K, 33% used [0x00000000f4700000,0x00000000f6326d88,0x00000000f9b80000)
  to   space 80896K, 0% used [0x00000000fa600000,0x00000000fa600000,0x00000000ff500000)
 ParOldGen       total 304128K, used 165806K [0x0000000080000000, 0x0000000092900000, 0x00000000d5580000)
  object space 304128K, 54% used [0x0000000080000000,0x000000008a1eba00,0x0000000092900000)
 Metaspace       used 145459K, capacity 153796K, committed 153880K, reserved 1183744K
  class space    used 18627K, capacity 20232K, committed 20248K, reserved 1048576K
}
Event: 1837.728 GC heap before
{Heap before GC invocations=43 (full 5):
 PSYoungGen      total 595968K, used 538267K [0x00000000d5580000, 0x00000000ff500000, 0x0000000100000000)
  eden space 509440K, 100% used [0x00000000d5580000,0x00000000f4700000,0x00000000f4700000)
  from space 86528K, 33% used [0x00000000f4700000,0x00000000f6326d88,0x00000000f9b80000)
  to   space 80896K, 0% used [0x00000000fa600000,0x00000000fa600000,0x00000000ff500000)
 ParOldGen       total 304128K, used 165806K [0x0000000080000000, 0x0000000092900000, 0x00000000d5580000)
  object space 304128K, 54% used [0x0000000080000000,0x000000008a1eba00,0x0000000092900000)
 Metaspace       used 146019K, capacity 154408K, committed 154520K, reserved 1183744K
  class space    used 18708K, capacity 20292K, committed 20376K, reserved 1048576K
Event: 1837.772 GC heap after
Heap after GC invocations=43 (full 5):
 PSYoungGen      total 608768K, used 36038K [0x00000000d5580000, 0x00000000ff680000, 0x0000000100000000)
  eden space 527872K, 0% used [0x00000000d5580000,0x00000000d5580000,0x00000000f5900000)
  from space 80896K, 44% used [0x00000000fa600000,0x00000000fc931a08,0x00000000ff500000)
  to   space 78848K, 0% used [0x00000000f5900000,0x00000000f5900000,0x00000000fa600000)
 ParOldGen       total 304128K, used 165806K [0x0000000080000000, 0x0000000092900000, 0x00000000d5580000)
  object space 304128K, 54% used [0x0000000080000000,0x000000008a1eba00,0x0000000092900000)
 Metaspace       used 146019K, capacity 154408K, committed 154520K, reserved 1183744K
  class space    used 18708K, capacity 20292K, committed 20376K, reserved 1048576K
}

Deoptimization events (10 events):
Event: 1837.642 Thread 0x000000001f2ed800 Uncommon trap: reason=unstable_if action=reinterpret pc=0x0000000005fa9c6c method=sun.nio.fs.WindowsPath.getFileName()Ljava/nio/file/Path; @ 22
Event: 1837.642 Thread 0x000000001f2ed800 Uncommon trap: reason=unstable_if action=reinterpret pc=0x0000000006157198 method=java.lang.String.indexOf([CII[CIII)I @ 27
Event: 1837.645 Thread 0x000000001f2ed800 Uncommon trap: reason=unstable_if action=reinterpret pc=0x00000000036a90b4 method=java.lang.String.indexOf([CII[CIII)I @ 27
Event: 1837.661 Thread 0x000000001f2ed800 Uncommon trap: reason=class_check action=maybe_recompile pc=0x00000000042d399c method=java.util.zip.DeflaterOutputStream.deflate()V @ 32
Event: 1837.697 Thread 0x000000001f2ec000 Uncommon trap: reason=unstable_if action=reinterpret pc=0x0000000006f2dd84 method=com.android.tools.r8.graph.e0.c(Lcom/android/tools/r8/graph/e0;)I @ 141
Event: 1837.712 Thread 0x000000001f2ed800 Uncommon trap: reason=class_check action=maybe_recompile pc=0x00000000042d399c method=java.util.zip.DeflaterOutputStream.deflate()V @ 32
Event: 1837.714 Thread 0x000000001f2ed800 Uncommon trap: reason=class_check action=maybe_recompile pc=0x00000000042d399c method=java.util.zip.DeflaterOutputStream.deflate()V @ 32
Event: 1837.714 Thread 0x000000001f2ed800 Uncommon trap: reason=class_check action=maybe_recompile pc=0x00000000042d399c method=java.util.zip.DeflaterOutputStream.deflate()V @ 32
Event: 1837.804 Thread 0x00000000032c9800 Uncommon trap: reason=unstable_if action=reinterpret pc=0x000000000387d4b8 method=java.util.WeakHashMap.expungeStaleEntries()V @ 53
Event: 1837.889 Thread 0x000000001a848800 Uncommon trap: reason=unstable_if action=reinterpret pc=0x00000000072eea7c method=com.android.tools.r8.u.b.S0.equals(Ljava/lang/Object;)Z @ 60

Classes redefined (0 events):
No events

Internal exceptions (10 events):
Event: 1837.005 Thread 0x000000001f2ec000 Exception <a 'sun/nio/fs/WindowsException'> (0x00000000e3097000) thrown at [C:\src\AOSP-openjdk-git\hotspot\src\share\vm\prims\jni.cpp, line 710]
Event: 1837.009 Thread 0x000000001f2e4000 Exception <a 'sun/nio/fs/WindowsException'> (0x00000000e2377b48) thrown at [C:\src\AOSP-openjdk-git\hotspot\src\share\vm\prims\jni.cpp, line 710]
Event: 1837.249 Thread 0x000000001f2e4000 Exception <a 'sun/nio/fs/WindowsException'> (0x00000000e9603870) thrown at [C:\src\AOSP-openjdk-git\hotspot\src\share\vm\prims\jni.cpp, line 710]
Event: 1837.506 Thread 0x000000001f2e4000 Exception <a 'sun/nio/fs/WindowsException'> (0x00000000f00c0c88) thrown at [C:\src\AOSP-openjdk-git\hotspot\src\share\vm\prims\jni.cpp, line 710]
Event: 1837.711 Thread 0x000000001f2ec000 Exception <a 'sun/nio/fs/WindowsException'> (0x00000000f38f23c8) thrown at [C:\src\AOSP-openjdk-git\hotspot\src\share\vm\prims\jni.cpp, line 710]
Event: 1837.838 Thread 0x000000001f2e4000 Exception <a 'sun/nio/fs/WindowsException'> (0x00000000d5a32090) thrown at [C:\src\AOSP-openjdk-git\hotspot\src\share\vm\prims\jni.cpp, line 710]
Event: 1837.855 Thread 0x000000001f2ec000 Exception <a 'sun/nio/fs/WindowsException'> (0x00000000d5664a60) thrown at [C:\src\AOSP-openjdk-git\hotspot\src\share\vm\prims\jni.cpp, line 710]
Event: 1837.911 Thread 0x000000001f2e4000 Exception <a 'sun/nio/fs/WindowsException'> (0x00000000d8594cd8) thrown at [C:\src\AOSP-openjdk-git\hotspot\src\share\vm\prims\jni.cpp, line 710]
Event: 1837.965 Thread 0x000000001f2ec000 Exception <a 'sun/nio/fs/WindowsException'> (0x00000000d981c1c0) thrown at [C:\src\AOSP-openjdk-git\hotspot\src\share\vm\prims\jni.cpp, line 710]
Event: 1838.047 Thread 0x000000001f2e4000 Exception <a 'sun/nio/fs/WindowsException'> (0x00000000dbeaaf90) thrown at [C:\src\AOSP-openjdk-git\hotspot\src\share\vm\prims\jni.cpp, line 710]

Events (10 events):
Event: 1837.990 Thread 0x000000001a848800 DEOPT PACKING pc=0x0000000007e339c5 sp=0x000000001d1b7500
Event: 1837.990 Thread 0x000000001a848800 DEOPT UNPACKING pc=0x00000000033175d0 sp=0x000000001d1b7348 mode 0
Event: 1837.999 Thread 0x000000001f2e4000 DEOPT PACKING pc=0x000000000696586a sp=0x0000000028889fc0
Event: 1837.999 Thread 0x000000001f2e4000 DEOPT UNPACKING pc=0x00000000033175d0 sp=0x0000000028889ea8 mode 0
Event: 1838.028 Thread 0x000000001a848800 DEOPT PACKING pc=0x00000000069657ae sp=0x000000001d1b7660
Event: 1838.028 Thread 0x000000001a848800 DEOPT UNPACKING pc=0x00000000033175d0 sp=0x000000001d1b7548 mode 0
Event: 1838.032 Thread 0x000000001f2e4000 DEOPT PACKING pc=0x0000000007de0951 sp=0x0000000028889bf0
Event: 1838.032 Thread 0x000000001f2e4000 DEOPT UNPACKING pc=0x00000000033175d0 sp=0x0000000028889bd0 mode 0
Event: 1838.037 Thread 0x000000001f2e4000 DEOPT PACKING pc=0x0000000007e339e1 sp=0x000000002888a010
Event: 1838.037 Thread 0x000000001f2e4000 DEOPT UNPACKING pc=0x00000000033175d0 sp=0x0000000028889e58 mode 0


Dynamic libraries:
0x00007ff7af7b0000 - 0x00007ff7af7e1000 	D:\develop\Android Studio\jre\bin\java.exe
0x00007ffe4c4f0000 - 0x00007ffe4c6e5000 	C:\WINDOWS\SYSTEM32\ntdll.dll
0x00007ffe4a5d0000 - 0x00007ffe4a68e000 	C:\WINDOWS\System32\KERNEL32.DLL
0x00007ffe49c00000 - 0x00007ffe49ec8000 	C:\WINDOWS\System32\KERNELBASE.dll
0x00007ffe4bb30000 - 0x00007ffe4bbde000 	C:\WINDOWS\System32\ADVAPI32.dll
0x00007ffe4b970000 - 0x00007ffe4ba0e000 	C:\WINDOWS\System32\msvcrt.dll
0x00007ffe4a530000 - 0x00007ffe4a5cc000 	C:\WINDOWS\System32\sechost.dll
0x00007ffe4b190000 - 0x00007ffe4b2b5000 	C:\WINDOWS\System32\RPCRT4.dll
0x00007ffe4abb0000 - 0x00007ffe4ad51000 	C:\WINDOWS\System32\USER32.dll
0x00007ffe49ed0000 - 0x00007ffe49ef2000 	C:\WINDOWS\System32\win32u.dll
0x00007ffe4a9d0000 - 0x00007ffe4a9fb000 	C:\WINDOWS\System32\GDI32.dll
0x00007ffe4a190000 - 0x00007ffe4a29d000 	C:\WINDOWS\System32\gdi32full.dll
0x00007ffe4a490000 - 0x00007ffe4a52d000 	C:\WINDOWS\System32\msvcp_win.dll
0x00007ffe4a300000 - 0x00007ffe4a400000 	C:\WINDOWS\System32\ucrtbase.dll
0x00007ffe418e0000 - 0x00007ffe41b7a000 	C:\WINDOWS\WinSxS\amd64_microsoft.windows.common-controls_6595b64144ccf1df_6.0.19041.1110_none_60b5254171f9507e\COMCTL32.dll
0x00007ffe4b940000 - 0x00007ffe4b970000 	C:\WINDOWS\System32\IMM32.DLL
0x0000000073090000 - 0x0000000073162000 	D:\develop\Android Studio\jre\jre\bin\msvcr100.dll
0x00000000706e0000 - 0x0000000070f2b000 	D:\develop\Android Studio\jre\jre\bin\server\jvm.dll
0x00007ffe4bb20000 - 0x00007ffe4bb28000 	C:\WINDOWS\System32\PSAPI.DLL
0x00007ffe3b8a0000 - 0x00007ffe3b8a9000 	C:\WINDOWS\SYSTEM32\WSOCK32.dll
0x00007ffe3fdd0000 - 0x00007ffe3fdf7000 	C:\WINDOWS\SYSTEM32\WINMM.dll
0x00007ffe4b740000 - 0x00007ffe4b7ab000 	C:\WINDOWS\System32\WS2_32.dll
0x00007ffe44e00000 - 0x00007ffe44e0a000 	C:\WINDOWS\SYSTEM32\VERSION.dll
0x00007ffe42f00000 - 0x00007ffe42f0f000 	D:\develop\Android Studio\jre\jre\bin\verify.dll
0x00007ffe2f890000 - 0x00007ffe2f8b9000 	D:\develop\Android Studio\jre\jre\bin\java.dll
0x00007ffe405c0000 - 0x00007ffe405d6000 	D:\develop\Android Studio\jre\jre\bin\zip.dll
0x00007ffe4bcd0000 - 0x00007ffe4c414000 	C:\WINDOWS\System32\SHELL32.dll
0x00007ffe47d10000 - 0x00007ffe484a5000 	C:\WINDOWS\SYSTEM32\windows.storage.dll
0x00007ffe4ae30000 - 0x00007ffe4b185000 	C:\WINDOWS\System32\combase.dll
0x00007ffe49650000 - 0x00007ffe4967e000 	C:\WINDOWS\SYSTEM32\Wldp.dll
0x00007ffe4ba10000 - 0x00007ffe4babd000 	C:\WINDOWS\System32\SHCORE.dll
0x00007ffe4bbe0000 - 0x00007ffe4bc35000 	C:\WINDOWS\System32\shlwapi.dll
0x00007ffe49b40000 - 0x00007ffe49b5f000 	C:\WINDOWS\SYSTEM32\profapi.dll
0x00007ffe2f810000 - 0x00007ffe2f82a000 	D:\develop\Android Studio\jre\jre\bin\net.dll
0x00007ffe493b0000 - 0x00007ffe4941a000 	C:\WINDOWS\system32\mswsock.dll
0x00007ffe2eb50000 - 0x00007ffe2eb63000 	D:\develop\Android Studio\jre\jre\bin\nio.dll
0x00007ffe2d210000 - 0x00007ffe2d236000 	C:\Users\lucie\.gradle\native\31\windows-amd64\native-platform.dll
0x00007ffe3df20000 - 0x00007ffe3df2d000 	D:\develop\Android Studio\jre\jre\bin\management.dll
0x00007ffe495b0000 - 0x00007ffe495c8000 	C:\WINDOWS\SYSTEM32\CRYPTSP.dll
0x00007ffe48c60000 - 0x00007ffe48c94000 	C:\WINDOWS\system32\rsaenh.dll
0x00007ffe4a0b0000 - 0x00007ffe4a0d7000 	C:\WINDOWS\System32\bcrypt.dll
0x00007ffe49b00000 - 0x00007ffe49b2e000 	C:\WINDOWS\SYSTEM32\USERENV.dll
0x00007ffe4a400000 - 0x00007ffe4a482000 	C:\WINDOWS\System32\bcryptprimitives.dll
0x00007ffe495a0000 - 0x00007ffe495ac000 	C:\WINDOWS\SYSTEM32\CRYPTBASE.dll
0x00007ffe49050000 - 0x00007ffe4908b000 	C:\WINDOWS\SYSTEM32\IPHLPAPI.DLL
0x00007ffe4c420000 - 0x00007ffe4c428000 	C:\WINDOWS\System32\NSI.dll
0x00007ffe43900000 - 0x00007ffe43917000 	C:\WINDOWS\SYSTEM32\dhcpcsvc6.DLL
0x00007ffe43e20000 - 0x00007ffe43e3d000 	C:\WINDOWS\SYSTEM32\dhcpcsvc.DLL
0x00007ffe490a0000 - 0x00007ffe4916b000 	C:\WINDOWS\SYSTEM32\DNSAPI.dll
0x00007ffe2d240000 - 0x00007ffe2d264000 	D:\develop\Android Studio\jre\jre\bin\sunec.dll
0x00007ffe414c0000 - 0x00007ffe414ca000 	C:\Windows\System32\rasadhlp.dll
0x00007ffe414e0000 - 0x00007ffe4155f000 	C:\WINDOWS\System32\fwpuclnt.dll
0x00007ffe43920000 - 0x00007ffe4392b000 	D:\develop\Android Studio\jre\jre\bin\sunmscapi.dll
0x00007ffe49f50000 - 0x00007ffe4a0a6000 	C:\WINDOWS\System32\CRYPT32.dll
0x00007ffe489b0000 - 0x00007ffe489e3000 	C:\WINDOWS\SYSTEM32\ntmarta.dll
0x00007ffe2fb50000 - 0x00007ffe2fb6e000 	C:\Users\lucie\AppData\Local\Temp\native-platform7991520091053395221dir\native-platform.dll

VM Arguments:
jvm_args: -Xmx2048m -Dfile.encoding=windows-31j -Duser.country=JP -Duser.language=ja -Duser.variant 
java_command: org.gradle.launcher.daemon.bootstrap.GradleDaemon 6.1.1
java_class_path (initial): C:\Users\lucie\.gradle\wrapper\dists\gradle-6.1.1-all\cfmwm155h49vnt3hynmlrsdst\gradle-6.1.1\lib\gradle-launcher-6.1.1.jar
Launcher Type: SUN_STANDARD

Environment Variables:
JAVA_HOME=D:\JDK\Java\jdk-13.0.1
PATH=C:\Program Files (x86)\Intel\iCLS Client\;C:\Program Files\Intel\iCLS Client\;C:\Windows\system32;C:\Windows;C:\Windows\System32\Wbem;C:\Windows\System32\WindowsPowerShell\v1.0\;C:\Program Files (x86)\NVIDIA Corporation\PhysX\Common;C:\WINDOWS\system32;C:\WINDOWS;C:\WINDOWS\System32\Wbem;C:\WINDOWS\System32\WindowsPowerShell\v1.0\;C:\WINDOWS\System32\OpenSSH\;C:\Program Files (x86)\Intel\Intel(R) Management Engine Components\DAL;C:\Program Files\Intel\Intel(R) Management Engine Components\DAL;C:\Program Files (x86)\Intel\Intel(R) Management Engine Components\IPT;C:\Program Files\Intel\Intel(R) Management Engine Components\IPT;D:\MinGW\bin;D:\JDK\Java\jdk-13.0.1\bin;C:\Program Files\MySQL\MySQL Server 8.0\bin;D:\develop\Git\cmd;C:\Users\lucie\AppData\Local\Microsoft\WindowsApps;;D:\develop\Microsoft VS Code\bin
USERNAME=lucie
OS=Windows_NT
PROCESSOR_IDENTIFIER=Intel64 Family 6 Model 158 Stepping 9, GenuineIntel



---------------  S Y S T E M  ---------------

OS: Windows 10.0 , 64 bit Build 19041 (10.0.19041.1466)

CPU:total 4 (initial active 4) (4 cores per cpu, 1 threads per core) family 6 model 158 stepping 9, cmov, cx8, fxsr, mmx, sse, sse2, sse3, ssse3, sse4.1, sse4.2, popcnt, avx, avx2, aes, clmul, erms, 3dnowpref, lzcnt, tsc, tscinvbit, bmi1, bmi2, adx

Memory: 4k page, physical 8294544k(1070692k free), swap 10342544k(6320k free)

vm_info: OpenJDK 64-Bit Server VM (25.242-b01) for windows-amd64 JRE (1.8.0_242-release-1644-b01), built by "builder" with MS VC++ 10.0 (VS2010)

time: Fri Jan 21 16:59:39 2022
timezone: ìåãû (ïWèÄéû)
elapsed time: 1838 seconds (0d 0h 30m 38s)

