#
# There is insufficient memory for the Java Runtime Environment to continue.
# Native memory allocation (malloc) failed to allocate 1061440 bytes for Chunk::new
# Possible reasons:
#   The system is out of physical RAM or swap space
#   The process is running with CompressedOops enabled, and the Java Heap may be blocking the growth of the native heap
# Possible solutions:
#   Reduce memory load on the system
#   Increase physical memory or swap space
#   Check if swap backing store is full
#   Decrease Java heap size (-Xmx/-Xms)
#   Decrease number of Java threads
#   Decrease Java thread stack sizes (-Xss)
#   Set larger code cache with -XX:ReservedCodeCacheSize=
#   JVM is running with Unscaled Compressed Oops mode in which the Java heap is
#     placed in the first 4GB address space. The Java Heap base address is the
#     maximum limit for the native heap growth. Please use -XX:HeapBaseMinAddress
#     to set the Java Heap base and to place the Java Heap above 4GB virtual address.
# This output file may be truncated or incomplete.
#
#  Out of Memory Error (allocation.cpp:389), pid=28844, tid=0x0000000000006234
#
# JRE version: OpenJDK Runtime Environment (8.0_242-b01) (build 1.8.0_242-release-1644-b01)
# Java VM: OpenJDK 64-Bit Server VM (25.242-b01 mixed mode windows-amd64 compressed oops)
# Failed to write core dump. Minidumps are not enabled by default on client versions of Windows
#

---------------  T H R E A D  ---------------

Current thread (0x0000000017bee000):  JavaThread "C2 CompilerThread0" daemon [_thread_in_native, id=25140, stack(0x00000000190f0000,0x00000000191f0000)]

Stack: [0x00000000190f0000,0x00000000191f0000]
[error occurred during error reporting (printing stack bounds), id 0xc0000005]

Native frames: (J=compiled Java code, j=interpreted, Vv=VM code, C=native code)


Current CompileTask:
C2:  10627 9240       4       com.android.utils.XmlUtils::append (639 bytes)


---------------  P R O C E S S  ---------------

Java Threads: ( => current thread )
  0x0000000020d7c800 JavaThread "stdout" [_thread_in_native, id=25996, stack(0x0000000026850000,0x0000000026950000)]
  0x0000000020d7b000 JavaThread "stderr" [_thread_in_native, id=28860, stack(0x0000000026750000,0x0000000026850000)]
  0x0000000020d7e800 JavaThread "stdout" [_thread_in_native, id=9020, stack(0x0000000026650000,0x0000000026750000)]
  0x0000000020d7d000 JavaThread "stderr" [_thread_in_native, id=22576, stack(0x0000000026550000,0x0000000026650000)]
  0x0000000020d7a000 JavaThread "stdout" [_thread_in_native, id=30392, stack(0x0000000026450000,0x0000000026550000)]
  0x0000000020d72800 JavaThread "stderr" [_thread_in_native, id=10244, stack(0x0000000026350000,0x0000000026450000)]
  0x0000000020d79000 JavaThread "stdout" [_thread_in_native, id=25808, stack(0x0000000026250000,0x0000000026350000)]
  0x0000000020d71800 JavaThread "stderr" [_thread_in_native, id=22552, stack(0x0000000026150000,0x0000000026250000)]
  0x0000000020d77800 JavaThread "pool-2-thread-1" [_thread_blocked, id=23556, stack(0x0000000025d50000,0x0000000025e50000)]
  0x0000000020d76000 JavaThread "WorkerExecutor Queue Thread 4" [_thread_blocked, id=288, stack(0x0000000025740000,0x0000000025840000)]
  0x0000000020d75800 JavaThread "WorkerExecutor Queue Thread 3" [_thread_blocked, id=18412, stack(0x0000000025a50000,0x0000000025b50000)]
  0x0000000020d74800 JavaThread "WorkerExecutor Queue Thread 2" [_thread_blocked, id=12328, stack(0x0000000025950000,0x0000000025a50000)]
  0x0000000020d74000 JavaThread "WorkerExecutor Queue" [_thread_blocked, id=15376, stack(0x0000000025850000,0x0000000025950000)]
  0x000000001c160000 JavaThread "Cache worker for execution history cache (D:\develop\GodDiary2\.gradle\6.1.1\executionHistory)" [_thread_blocked, id=30756, stack(0x0000000025240000,0x0000000025340000)]
  0x000000001c15e800 JavaThread "Execution worker for ':' Thread 3" [_thread_blocked, id=27452, stack(0x0000000025140000,0x0000000025240000)]
  0x000000001c157000 JavaThread "Execution worker for ':' Thread 2" [_thread_blocked, id=19080, stack(0x0000000025040000,0x0000000025140000)]
  0x000000001c15e000 JavaThread "Execution worker for ':'" [_thread_blocked, id=13560, stack(0x0000000024d00000,0x0000000024e00000)]
  0x000000001c156800 JavaThread "Cache worker for file content cache (D:\develop\GodDiary2\.gradle\6.1.1\fileContent)" [_thread_blocked, id=29848, stack(0x0000000024a00000,0x0000000024b00000)]
  0x000000001c15d000 JavaThread "Cache worker for file content cache (C:\Users\lucie\.gradle\caches\6.1.1\fileContent)" [_thread_blocked, id=25260, stack(0x0000000024900000,0x0000000024a00000)]
  0x000000001c155800 JavaThread "Memory manager" [_thread_blocked, id=4376, stack(0x0000000023590000,0x0000000023690000)]
  0x000000001c15b800 JavaThread "Cache worker for Build Output Cleanup Cache (D:\develop\GodDiary2\.gradle\buildOutputCleanup)" [_thread_blocked, id=19932, stack(0x0000000022290000,0x0000000022390000)]
  0x000000001c154000 JavaThread "Build operations Thread 4" [_thread_blocked, id=2044, stack(0x0000000022190000,0x0000000022290000)]
  0x000000001c159800 JavaThread "Build operations Thread 3" [_thread_blocked, id=9044, stack(0x0000000022090000,0x0000000022190000)]
  0x000000001c158800 JavaThread "Build operations Thread 2" [_thread_blocked, id=15384, stack(0x0000000021f90000,0x0000000022090000)]
  0x000000001c15b000 JavaThread "Build operations" [_thread_blocked, id=20272, stack(0x0000000021bf0000,0x0000000021cf0000)]
  0x000000001b61a800 JavaThread "Cache worker for execution history cache (C:\Users\lucie\.gradle\caches\6.1.1\executionHistory)" [_thread_blocked, id=220, stack(0x0000000020080000,0x0000000020180000)]
  0x000000001b61a000 JavaThread "Cache worker for cache directory md-rule (C:\Users\lucie\.gradle\caches\6.1.1\md-rule)" [_thread_blocked, id=27916, stack(0x000000001ff80000,0x0000000020080000)]
  0x000000001b619000 JavaThread "Cache worker for cache directory md-supplier (C:\Users\lucie\.gradle\caches\6.1.1\md-supplier)" [_thread_blocked, id=12072, stack(0x000000001fbb0000,0x000000001fcb0000)]
  0x000000001b617800 JavaThread "Cache worker for file hash cache (D:\develop\GodDiary2\.gradle\6.1.1\fileHashes)" [_thread_blocked, id=17588, stack(0x000000001f9a0000,0x000000001faa0000)]
  0x000000001b617000 JavaThread "Cache worker for checksums cache (D:\develop\GodDiary2\.gradle\checksums)" [_thread_blocked, id=18904, stack(0x000000001fab0000,0x000000001fbb0000)]
  0x000000001b618800 JavaThread "Cache worker for file hash cache (C:\Users\lucie\.gradle\caches\6.1.1\fileHashes)" [_thread_blocked, id=27528, stack(0x000000001d470000,0x000000001d570000)]
  0x000000001b615800 JavaThread "File lock request listener" [_thread_in_native, id=26872, stack(0x000000001d370000,0x000000001d470000)]
  0x000000001a4db800 JavaThread "Cache worker for journal cache (C:\Users\lucie\.gradle\caches\journal-1)" [_thread_blocked, id=8668, stack(0x000000001d270000,0x000000001d370000)]
  0x000000001b558000 JavaThread "Thread-9" [_thread_blocked, id=17816, stack(0x000000001cf70000,0x000000001d070000)]
  0x000000001b537800 JavaThread "Stdin handler" [_thread_blocked, id=12144, stack(0x000000001ce70000,0x000000001cf70000)]
  0x000000001b553800 JavaThread "Asynchronous log dispatcher for DefaultDaemonConnection: socket connection from /127.0.0.1:52204 to /127.0.0.1:52205" [_thread_blocked, id=27732, stack(0x000000001cd70000,0x000000001ce70000)]
  0x000000001b5c7000 JavaThread "Daemon worker" [_thread_blocked, id=16388, stack(0x000000001cc70000,0x000000001cd70000)]
  0x000000001b5c5000 JavaThread "Cancel handler" [_thread_blocked, id=24008, stack(0x000000001cb70000,0x000000001cc70000)]
  0x000000001b52a000 JavaThread "Handler for socket connection from /127.0.0.1:52204 to /127.0.0.1:52205" [_thread_in_native, id=31124, stack(0x000000001c870000,0x000000001c970000)]
  0x000000001b4e4000 JavaThread "Daemon" [_thread_blocked, id=31096, stack(0x000000001c770000,0x000000001c870000)]
  0x000000001b4f1800 JavaThread "Daemon periodic checks" [_thread_blocked, id=13464, stack(0x000000001c670000,0x000000001c770000)]
  0x000000001b1bb800 JavaThread "Incoming local TCP Connector on port 52204" [_thread_in_native, id=2468, stack(0x000000001c490000,0x000000001c590000)]
  0x000000001b3ab000 JavaThread "Daemon health stats" [_thread_blocked, id=30444, stack(0x000000001c390000,0x000000001c490000)]
  0x0000000019371000 JavaThread "Service Thread" daemon [_thread_blocked, id=16276, stack(0x00000000197f0000,0x00000000198f0000)]
  0x0000000017baa000 JavaThread "C1 CompilerThread2" daemon [_thread_blocked, id=26724, stack(0x00000000196f0000,0x00000000197f0000)]
  0x0000000017ba2000 JavaThread "C2 CompilerThread1" daemon [_thread_in_native, id=26232, stack(0x00000000191f0000,0x00000000192f0000)]
=>0x0000000017bee000 JavaThread "C2 CompilerThread0" daemon [_thread_in_native, id=25140, stack(0x00000000190f0000,0x00000000191f0000)]
  0x0000000017bec800 JavaThread "Attach Listener" daemon [_thread_blocked, id=31008, stack(0x0000000018ff0000,0x00000000190f0000)]
  0x0000000017b9a000 JavaThread "Signal Dispatcher" daemon [_thread_blocked, id=3264, stack(0x0000000018ef0000,0x0000000018ff0000)]
  0x0000000002f6c000 JavaThread "Finalizer" daemon [_thread_blocked, id=26692, stack(0x0000000018df0000,0x0000000018ef0000)]
  0x0000000002f63000 JavaThread "Reference Handler" daemon [_thread_blocked, id=10784, stack(0x0000000018cf0000,0x0000000018df0000)]
  0x000000000292d800 JavaThread "main" [_thread_blocked, id=25856, stack(0x0000000002d70000,0x0000000002e70000)]

Other Threads:
  0x0000000017b57000 VMThread [stack: 0x0000000018bf0000,0x0000000018cf0000] [id=26424]
  0x0000000019382000 WatcherThread [stack: 0x00000000198f0000,0x00000000199f0000] [id=30620]

VM state:not at safepoint (normal execution)

VM Mutex/Monitor currently owned by a thread: None

heap address: 0x0000000080000000, size: 2048 MB, Compressed Oops mode: 32-bit
Narrow klass base: 0x0000000000000000, Narrow klass shift: 3
Compressed class space size: 1073741824 Address: 0x0000000100000000

Heap:
 PSYoungGen      total 214016K, used 124643K [0x00000000d5580000, 0x00000000e5c80000, 0x0000000100000000)
  eden space 193024K, 53% used [0x00000000d5580000,0x00000000dbac0508,0x00000000e1200000)
  from space 20992K, 99% used [0x00000000e3000000,0x00000000e4478a58,0x00000000e4480000)
  to   space 30720K, 0% used [0x00000000e1200000,0x00000000e1200000,0x00000000e3000000)
 ParOldGen       total 138240K, used 52078K [0x0000000080000000, 0x0000000088700000, 0x00000000d5580000)
  object space 138240K, 37% used [0x0000000080000000,0x00000000832db888,0x0000000088700000)
 Metaspace       used 68578K, capacity 71564K, committed 71832K, reserved 1112064K
  class space    used 9286K, capacity 9881K, committed 9904K, reserved 1048576K

Card table byte_map: [0x0000000012330000,0x0000000012740000] byte_map_base: 0x0000000011f30000

Marking Bits: (ParMarkBitMap*) 0x0000000070eaf030
 Begin Bits: [0x0000000012df0000, 0x0000000014df0000)
 End Bits:   [0x0000000014df0000, 0x0000000016df0000)

Polling page: 0x0000000002890000

CodeCache: size=245760Kb used=26179Kb max_used=26539Kb free=219580Kb
 bounds [0x0000000002f70000, 0x0000000004980000, 0x0000000011f70000]
 total_blobs=9059 nmethods=8235 adapters=737
 compilation: enabled

Compilation events (10 events):
Event: 10.619 Thread 0x0000000017baa000 9455   !   2       sun.reflect.GeneratedSerializationConstructorAccessor67::newInstance (49 bytes)
Event: 10.619 Thread 0x0000000017baa000 nmethod 9455 0x0000000003545710 code [0x00000000035458a0, 0x0000000003545be8]
Event: 10.619 Thread 0x0000000017baa000 9456       2       java.util.LinkedHashMap::reinitialize (15 bytes)
Event: 10.619 Thread 0x0000000017baa000 nmethod 9456 0x0000000003249550 code [0x00000000032496c0, 0x0000000003249868]
Event: 10.620 Thread 0x0000000017baa000 9457   !   2       sun.reflect.GeneratedMethodAccessor32::invoke (66 bytes)
Event: 10.620 Thread 0x0000000017baa000 nmethod 9457 0x0000000003f09f50 code [0x0000000003f0a120, 0x0000000003f0a618]
Event: 10.621 Thread 0x0000000017baa000 9458       2       java.io.ObjectStreamClass::classNamesEqual (32 bytes)
Event: 10.621 Thread 0x0000000017baa000 nmethod 9458 0x00000000030e0a50 code [0x00000000030e0be0, 0x00000000030e0e08]
Event: 10.622 Thread 0x0000000017baa000 9459       2       java.io.Bits::getFloat (9 bytes)
Event: 10.622 Thread 0x0000000017baa000 nmethod 9459 0x0000000003101590 code [0x00000000031016e0, 0x0000000003101848]

GC Heap History (10 events):
Event: 6.092 GC heap before
{Heap before GC invocations=13 (full 2):
 PSYoungGen      total 143360K, used 143141K [0x00000000d5580000, 0x00000000df900000, 0x0000000100000000)
  eden space 131072K, 100% used [0x00000000d5580000,0x00000000dd580000,0x00000000dd580000)
  from space 12288K, 98% used [0x00000000ded00000,0x00000000df8c9510,0x00000000df900000)
  to   space 13312K, 0% used [0x00000000ddf00000,0x00000000ddf00000,0x00000000dec00000)
 ParOldGen       total 91648K, used 16093K [0x0000000080000000, 0x0000000085980000, 0x00000000d5580000)
  object space 91648K, 17% used [0x0000000080000000,0x0000000080fb7450,0x0000000085980000)
 Metaspace       used 52861K, capacity 54634K, committed 54832K, reserved 1097728K
  class space    used 7033K, capacity 7442K, committed 7472K, reserved 1048576K
Event: 6.120 GC heap after
Heap after GC invocations=13 (full 2):
 PSYoungGen      total 154112K, used 13308K [0x00000000d5580000, 0x00000000e1c00000, 0x0000000100000000)
  eden space 140800K, 0% used [0x00000000d5580000,0x00000000d5580000,0x00000000ddf00000)
  from space 13312K, 99% used [0x00000000ddf00000,0x00000000debff320,0x00000000dec00000)
  to   space 17920K, 0% used [0x00000000e0a80000,0x00000000e0a80000,0x00000000e1c00000)
 ParOldGen       total 91648K, used 24217K [0x0000000080000000, 0x0000000085980000, 0x00000000d5580000)
  object space 91648K, 26% used [0x0000000080000000,0x00000000817a65d8,0x0000000085980000)
 Metaspace       used 52861K, capacity 54634K, committed 54832K, reserved 1097728K
  class space    used 7033K, capacity 7442K, committed 7472K, reserved 1048576K
}
Event: 6.617 GC heap before
{Heap before GC invocations=14 (full 2):
 PSYoungGen      total 154112K, used 60323K [0x00000000d5580000, 0x00000000e1c00000, 0x0000000100000000)
  eden space 140800K, 33% used [0x00000000d5580000,0x00000000d8369b10,0x00000000ddf00000)
  from space 13312K, 99% used [0x00000000ddf00000,0x00000000debff320,0x00000000dec00000)
  to   space 17920K, 0% used [0x00000000e0a80000,0x00000000e0a80000,0x00000000e1c00000)
 ParOldGen       total 91648K, used 24217K [0x0000000080000000, 0x0000000085980000, 0x00000000d5580000)
  object space 91648K, 26% used [0x0000000080000000,0x00000000817a65d8,0x0000000085980000)
 Metaspace       used 56996K, capacity 59026K, committed 59160K, reserved 1099776K
  class space    used 7711K, capacity 8158K, committed 8240K, reserved 1048576K
Event: 6.630 GC heap after
Heap after GC invocations=14 (full 2):
 PSYoungGen      total 184320K, used 13991K [0x00000000d5580000, 0x00000000e2b80000, 0x0000000100000000)
  eden space 166400K, 0% used [0x00000000d5580000,0x00000000d5580000,0x00000000df800000)
  from space 17920K, 78% used [0x00000000e0a80000,0x00000000e1829d18,0x00000000e1c00000)
  to   space 18944K, 0% used [0x00000000df800000,0x00000000df800000,0x00000000e0a80000)
 ParOldGen       total 91648K, used 29455K [0x0000000080000000, 0x0000000085980000, 0x00000000d5580000)
  object space 91648K, 32% used [0x0000000080000000,0x0000000081cc3d28,0x0000000085980000)
 Metaspace       used 56996K, capacity 59026K, committed 59160K, reserved 1099776K
  class space    used 7711K, capacity 8158K, committed 8240K, reserved 1048576K
}
Event: 6.630 GC heap before
{Heap before GC invocations=15 (full 3):
 PSYoungGen      total 184320K, used 13991K [0x00000000d5580000, 0x00000000e2b80000, 0x0000000100000000)
  eden space 166400K, 0% used [0x00000000d5580000,0x00000000d5580000,0x00000000df800000)
  from space 17920K, 78% used [0x00000000e0a80000,0x00000000e1829d18,0x00000000e1c00000)
  to   space 18944K, 0% used [0x00000000df800000,0x00000000df800000,0x00000000e0a80000)
 ParOldGen       total 91648K, used 29455K [0x0000000080000000, 0x0000000085980000, 0x00000000d5580000)
  object space 91648K, 32% used [0x0000000080000000,0x0000000081cc3d28,0x0000000085980000)
 Metaspace       used 56996K, capacity 59026K, committed 59160K, reserved 1099776K
  class space    used 7711K, capacity 8158K, committed 8240K, reserved 1048576K
Event: 6.788 GC heap after
Heap after GC invocations=15 (full 3):
 PSYoungGen      total 184320K, used 0K [0x00000000d5580000, 0x00000000e2b80000, 0x0000000100000000)
  eden space 166400K, 0% used [0x00000000d5580000,0x00000000d5580000,0x00000000df800000)
  from space 17920K, 0% used [0x00000000e0a80000,0x00000000e0a80000,0x00000000e1c00000)
  to   space 18944K, 0% used [0x00000000df800000,0x00000000df800000,0x00000000e0a80000)
 ParOldGen       total 138240K, used 33277K [0x0000000080000000, 0x0000000088700000, 0x00000000d5580000)
  object space 138240K, 24% used [0x0000000080000000,0x000000008207f458,0x0000000088700000)
 Metaspace       used 56987K, capacity 58996K, committed 59160K, reserved 1099776K
  class space    used 7708K, capacity 8153K, committed 8240K, reserved 1048576K
}
Event: 8.276 GC heap before
{Heap before GC invocations=16 (full 3):
 PSYoungGen      total 184320K, used 166400K [0x00000000d5580000, 0x00000000e2b80000, 0x0000000100000000)
  eden space 166400K, 100% used [0x00000000d5580000,0x00000000df800000,0x00000000df800000)
  from space 17920K, 0% used [0x00000000e0a80000,0x00000000e0a80000,0x00000000e1c00000)
  to   space 18944K, 0% used [0x00000000df800000,0x00000000df800000,0x00000000e0a80000)
 ParOldGen       total 138240K, used 33277K [0x0000000080000000, 0x0000000088700000, 0x00000000d5580000)
  object space 138240K, 24% used [0x0000000080000000,0x000000008207f458,0x0000000088700000)
 Metaspace       used 63863K, capacity 66672K, committed 66968K, reserved 1107968K
  class space    used 8735K, capacity 9267K, committed 9392K, reserved 1048576K
Event: 8.291 GC heap after
Heap after GC invocations=16 (full 3):
 PSYoungGen      total 185344K, used 17113K [0x00000000d5580000, 0x00000000e4480000, 0x0000000100000000)
  eden space 166400K, 0% used [0x00000000d5580000,0x00000000d5580000,0x00000000df800000)
  from space 18944K, 90% used [0x00000000df800000,0x00000000e08b6668,0x00000000e0a80000)
  to   space 20992K, 0% used [0x00000000e3000000,0x00000000e3000000,0x00000000e4480000)
 ParOldGen       total 138240K, used 33285K [0x0000000080000000, 0x0000000088700000, 0x00000000d5580000)
  object space 138240K, 24% used [0x0000000080000000,0x0000000082081458,0x0000000088700000)
 Metaspace       used 63863K, capacity 66672K, committed 66968K, reserved 1107968K
  class space    used 8735K, capacity 9267K, committed 9392K, reserved 1048576K
}
Event: 9.687 GC heap before
{Heap before GC invocations=17 (full 3):
 PSYoungGen      total 185344K, used 183513K [0x00000000d5580000, 0x00000000e4480000, 0x0000000100000000)
  eden space 166400K, 100% used [0x00000000d5580000,0x00000000df800000,0x00000000df800000)
  from space 18944K, 90% used [0x00000000df800000,0x00000000e08b6668,0x00000000e0a80000)
  to   space 20992K, 0% used [0x00000000e3000000,0x00000000e3000000,0x00000000e4480000)
 ParOldGen       total 138240K, used 33285K [0x0000000080000000, 0x0000000088700000, 0x00000000d5580000)
  object space 138240K, 24% used [0x0000000080000000,0x0000000082081458,0x0000000088700000)
 Metaspace       used 65801K, capacity 68620K, committed 68760K, reserved 1107968K
  class space    used 8941K, capacity 9527K, committed 9648K, reserved 1048576K
Event: 9.740 GC heap after
Heap after GC invocations=17 (full 3):
 PSYoungGen      total 214016K, used 20962K [0x00000000d5580000, 0x00000000e5c80000, 0x0000000100000000)
  eden space 193024K, 0% used [0x00000000d5580000,0x00000000d5580000,0x00000000e1200000)
  from space 20992K, 99% used [0x00000000e3000000,0x00000000e4478a58,0x00000000e4480000)
  to   space 30720K, 0% used [0x00000000e1200000,0x00000000e1200000,0x00000000e3000000)
 ParOldGen       total 138240K, used 52078K [0x0000000080000000, 0x0000000088700000, 0x00000000d5580000)
  object space 138240K, 37% used [0x0000000080000000,0x00000000832db888,0x0000000088700000)
 Metaspace       used 65801K, capacity 68620K, committed 68760K, reserved 1107968K
  class space    used 8941K, capacity 9527K, committed 9648K, reserved 1048576K
}

Deoptimization events (10 events):
Event: 10.295 Thread 0x000000001b5c7000 Uncommon trap: reason=class_check action=maybe_recompile pc=0x00000000047dadf0 method=com.sun.org.apache.xerces.internal.dom.ElementImpl.getAttributes()Lorg/w3c/dom/NamedNodeMap; @ 8
Event: 10.295 Thread 0x000000001b5c7000 Uncommon trap: reason=class_check action=maybe_recompile pc=0x00000000047dadf0 method=com.sun.org.apache.xerces.internal.dom.ElementImpl.getAttributes()Lorg/w3c/dom/NamedNodeMap; @ 8
Event: 10.295 Thread 0x000000001b5c7000 Uncommon trap: reason=class_check action=maybe_recompile pc=0x00000000047dadf0 method=com.sun.org.apache.xerces.internal.dom.ElementImpl.getAttributes()Lorg/w3c/dom/NamedNodeMap; @ 8
Event: 10.315 Thread 0x000000001b5c7000 Uncommon trap: reason=unstable_if action=reinterpret pc=0x00000000048563bc method=com.android.utils.XmlUtils.toXmlAttributeValue(Ljava/lang/String;)Ljava/lang/String; @ 33
Event: 10.315 Thread 0x000000001b5c7000 Uncommon trap: reason=unstable_if action=reinterpret pc=0x00000000047a7678 method=com.android.utils.XmlUtils.toXmlAttributeValue(Ljava/lang/String;)Ljava/lang/String; @ 33
Event: 10.342 Thread 0x000000001b5c7000 Uncommon trap: reason=unstable_if action=reinterpret pc=0x0000000004853210 method=com.android.utils.XmlUtils.append(Lcom/android/utils/XmlUtils$PositionAwareStringBuilder;Lorg/w3c/dom/Node;Ljava/util/Map;Ljava/util/Set;)V @ 540
Event: 10.547 Thread 0x000000001c15e000 Uncommon trap: reason=unstable_if action=reinterpret pc=0x0000000003126218 method=java.util.HashMap$HashIterator.<init>(Ljava/util/HashMap;)V @ 45
Event: 10.547 Thread 0x000000001c15e000 Uncommon trap: reason=unstable_if action=reinterpret pc=0x0000000003f37b0c method=java.util.HashMap$HashIterator.<init>(Ljava/util/HashMap;)V @ 45
Event: 10.612 Thread 0x0000000020d74800 Uncommon trap: reason=class_check action=maybe_recompile pc=0x00000000035ca380 method=java.lang.Throwable.<init>(Ljava/lang/String;Ljava/lang/Throwable;)V @ 24
Event: 10.614 Thread 0x0000000020d74800 Uncommon trap: reason=class_check action=maybe_recompile pc=0x00000000035ca380 method=java.lang.Throwable.<init>(Ljava/lang/String;Ljava/lang/Throwable;)V @ 24

Classes redefined (0 events):
No events

Internal exceptions (10 events):
Event: 9.449 Thread 0x000000001b5c7000 Implicit null exception at 0x00000000042dcfa0 to 0x00000000042dd165
Event: 9.612 Thread 0x000000001b5c7000 Implicit null exception at 0x0000000004717a9e to 0x0000000004718067
Event: 10.004 Thread 0x000000001b5c7000 Implicit null exception at 0x00000000031f8ad6 to 0x00000000031f8e69
Event: 10.123 Thread 0x000000001b5c7000 Implicit null exception at 0x00000000031dfed6 to 0x00000000031e0261
Event: 10.342 Thread 0x000000001b5c7000 Implicit null exception at 0x000000000485497b to 0x00000000048531f5
Event: 10.386 Thread 0x000000001b5c7000 Exception <a 'java/lang/NoSuchMethodError': <clinit>> (0x00000000d9b28c88) thrown at [C:\src\AOSP-openjdk-git\hotspot\src\share\vm\prims\jni.cpp, line 1615]
Event: 10.387 Thread 0x000000001b5c7000 Exception <a 'java/lang/NoSuchMethodError': <clinit>> (0x00000000d9b3ceb8) thrown at [C:\src\AOSP-openjdk-git\hotspot\src\share\vm\prims\jni.cpp, line 1615]
Event: 10.388 Thread 0x000000001b5c7000 Exception <a 'java/lang/NoSuchMethodError': <clinit>> (0x00000000d9b50c08) thrown at [C:\src\AOSP-openjdk-git\hotspot\src\share\vm\prims\jni.cpp, line 1615]
Event: 10.389 Thread 0x000000001b5c7000 Exception <a 'java/lang/NoSuchMethodError': <clinit>> (0x00000000d9b67d90) thrown at [C:\src\AOSP-openjdk-git\hotspot\src\share\vm\prims\jni.cpp, line 1615]
Event: 10.613 Thread 0x0000000020d74800 Exception <a 'java/io/IOException'> (0x00000000db452e60) thrown at [C:\src\AOSP-openjdk-git\hotspot\src\share\vm\prims\jni.cpp, line 710]

Events (10 events):
Event: 10.621 Thread 0x0000000017baa000 flushing nmethod 0x0000000003b11110
Event: 10.622 Thread 0x0000000017baa000 flushing nmethod 0x0000000003b44d50
Event: 10.622 Thread 0x0000000017baa000 flushing nmethod 0x0000000003b49790
Event: 10.622 Thread 0x0000000017baa000 flushing nmethod 0x0000000003b74090
Event: 10.622 Thread 0x0000000017baa000 flushing nmethod 0x0000000003bfa290
Event: 10.622 Thread 0x0000000017baa000 flushing nmethod 0x0000000003c21d90
Event: 10.622 Thread 0x0000000017baa000 flushing nmethod 0x0000000003c24610
Event: 10.622 Thread 0x0000000017baa000 flushing nmethod 0x0000000003c59e50
Event: 10.622 Thread 0x0000000017baa000 flushing nmethod 0x0000000003c6fd10
Event: 10.622 Thread 0x0000000017baa000 flushing nmethod 0x0000000003caa150


Dynamic libraries:
0x00007ff73a240000 - 0x00007ff73a271000 	D:\develop\Android Studio\jre\bin\java.exe
0x00007ffe4c4f0000 - 0x00007ffe4c6e5000 	C:\WINDOWS\SYSTEM32\ntdll.dll
0x00007ffe4a5d0000 - 0x00007ffe4a68e000 	C:\WINDOWS\System32\KERNEL32.DLL
0x00007ffe49c00000 - 0x00007ffe49ec8000 	C:\WINDOWS\System32\KERNELBASE.dll
0x00007ffe4bb30000 - 0x00007ffe4bbde000 	C:\WINDOWS\System32\ADVAPI32.dll
0x00007ffe4b970000 - 0x00007ffe4ba0e000 	C:\WINDOWS\System32\msvcrt.dll
0x00007ffe4a530000 - 0x00007ffe4a5cc000 	C:\WINDOWS\System32\sechost.dll
0x00007ffe4b190000 - 0x00007ffe4b2b5000 	C:\WINDOWS\System32\RPCRT4.dll
0x00007ffe4abb0000 - 0x00007ffe4ad51000 	C:\WINDOWS\System32\USER32.dll
0x00007ffe49ed0000 - 0x00007ffe49ef2000 	C:\WINDOWS\System32\win32u.dll
0x00007ffe4a9d0000 - 0x00007ffe4a9fb000 	C:\WINDOWS\System32\GDI32.dll
0x00007ffe4a190000 - 0x00007ffe4a29d000 	C:\WINDOWS\System32\gdi32full.dll
0x00007ffe4a490000 - 0x00007ffe4a52d000 	C:\WINDOWS\System32\msvcp_win.dll
0x00007ffe4a300000 - 0x00007ffe4a400000 	C:\WINDOWS\System32\ucrtbase.dll
0x00007ffe418e0000 - 0x00007ffe41b7a000 	C:\WINDOWS\WinSxS\amd64_microsoft.windows.common-controls_6595b64144ccf1df_6.0.19041.1110_none_60b5254171f9507e\COMCTL32.dll
0x00007ffe4b940000 - 0x00007ffe4b970000 	C:\WINDOWS\System32\IMM32.DLL
0x0000000073060000 - 0x0000000073132000 	D:\develop\Android Studio\jre\jre\bin\msvcr100.dll
0x00000000706e0000 - 0x0000000070f2b000 	D:\develop\Android Studio\jre\jre\bin\server\jvm.dll
0x00007ffe4bb20000 - 0x00007ffe4bb28000 	C:\WINDOWS\System32\PSAPI.DLL
0x00007ffe3b8a0000 - 0x00007ffe3b8a9000 	C:\WINDOWS\SYSTEM32\WSOCK32.dll
0x00007ffe44e00000 - 0x00007ffe44e0a000 	C:\WINDOWS\SYSTEM32\VERSION.dll
0x00007ffe3fdd0000 - 0x00007ffe3fdf7000 	C:\WINDOWS\SYSTEM32\WINMM.dll
0x00007ffe4b740000 - 0x00007ffe4b7ab000 	C:\WINDOWS\System32\WS2_32.dll
0x00007ffe441c0000 - 0x00007ffe441cf000 	D:\develop\Android Studio\jre\jre\bin\verify.dll
0x00007ffe2d190000 - 0x00007ffe2d1b9000 	D:\develop\Android Studio\jre\jre\bin\java.dll
0x00007ffe2eb50000 - 0x00007ffe2eb66000 	D:\develop\Android Studio\jre\jre\bin\zip.dll
0x00007ffe4bcd0000 - 0x00007ffe4c414000 	C:\WINDOWS\System32\SHELL32.dll
0x00007ffe47d10000 - 0x00007ffe484a5000 	C:\WINDOWS\SYSTEM32\windows.storage.dll
0x00007ffe4ae30000 - 0x00007ffe4b185000 	C:\WINDOWS\System32\combase.dll
0x00007ffe49650000 - 0x00007ffe4967e000 	C:\WINDOWS\SYSTEM32\Wldp.dll
0x00007ffe4ba10000 - 0x00007ffe4babd000 	C:\WINDOWS\System32\SHCORE.dll
0x00007ffe4bbe0000 - 0x00007ffe4bc35000 	C:\WINDOWS\System32\shlwapi.dll
0x00007ffe49b40000 - 0x00007ffe49b5f000 	C:\WINDOWS\SYSTEM32\profapi.dll
0x00007ffe2e2b0000 - 0x00007ffe2e2ca000 	D:\develop\Android Studio\jre\jre\bin\net.dll
0x00007ffe493b0000 - 0x00007ffe4941a000 	C:\WINDOWS\system32\mswsock.dll
0x00007ffe2d140000 - 0x00007ffe2d153000 	D:\develop\Android Studio\jre\jre\bin\nio.dll
0x00007ffe2f800000 - 0x00007ffe2f826000 	C:\Users\lucie\.gradle\native\31\windows-amd64\native-platform.dll
0x00007ffe441b0000 - 0x00007ffe441bd000 	D:\develop\Android Studio\jre\jre\bin\management.dll
0x00007ffe495b0000 - 0x00007ffe495c8000 	C:\WINDOWS\SYSTEM32\CRYPTSP.dll
0x00007ffe48c60000 - 0x00007ffe48c94000 	C:\WINDOWS\system32\rsaenh.dll
0x00007ffe4a0b0000 - 0x00007ffe4a0d7000 	C:\WINDOWS\System32\bcrypt.dll
0x00007ffe49b00000 - 0x00007ffe49b2e000 	C:\WINDOWS\SYSTEM32\USERENV.dll
0x00007ffe4a400000 - 0x00007ffe4a482000 	C:\WINDOWS\System32\bcryptprimitives.dll
0x00007ffe495a0000 - 0x00007ffe495ac000 	C:\WINDOWS\SYSTEM32\CRYPTBASE.dll
0x00007ffe49050000 - 0x00007ffe4908b000 	C:\WINDOWS\SYSTEM32\IPHLPAPI.DLL
0x00007ffe4c420000 - 0x00007ffe4c428000 	C:\WINDOWS\System32\NSI.dll
0x00007ffe43900000 - 0x00007ffe43917000 	C:\WINDOWS\SYSTEM32\dhcpcsvc6.DLL
0x00007ffe43e20000 - 0x00007ffe43e3d000 	C:\WINDOWS\SYSTEM32\dhcpcsvc.DLL
0x00007ffe490a0000 - 0x00007ffe4916b000 	C:\WINDOWS\SYSTEM32\DNSAPI.dll

VM Arguments:
jvm_args: -Xmx2048m -Dfile.encoding=windows-31j -Duser.country=JP -Duser.language=ja -Duser.variant 
java_command: org.gradle.launcher.daemon.bootstrap.GradleDaemon 6.1.1
java_class_path (initial): C:\Users\lucie\.gradle\wrapper\dists\gradle-6.1.1-all\cfmwm155h49vnt3hynmlrsdst\gradle-6.1.1\lib\gradle-launcher-6.1.1.jar
Launcher Type: SUN_STANDARD

Environment Variables:
JAVA_HOME=D:\JDK\Java\jdk-13.0.1
PATH=C:\Program Files (x86)\Intel\iCLS Client\;C:\Program Files\Intel\iCLS Client\;C:\Windows\system32;C:\Windows;C:\Windows\System32\Wbem;C:\Windows\System32\WindowsPowerShell\v1.0\;C:\Program Files (x86)\NVIDIA Corporation\PhysX\Common;C:\WINDOWS\system32;C:\WINDOWS;C:\WINDOWS\System32\Wbem;C:\WINDOWS\System32\WindowsPowerShell\v1.0\;C:\WINDOWS\System32\OpenSSH\;C:\Program Files (x86)\Intel\Intel(R) Management Engine Components\DAL;C:\Program Files\Intel\Intel(R) Management Engine Components\DAL;C:\Program Files (x86)\Intel\Intel(R) Management Engine Components\IPT;C:\Program Files\Intel\Intel(R) Management Engine Components\IPT;D:\MinGW\bin;D:\JDK\Java\jdk-13.0.1\bin;C:\Program Files\MySQL\MySQL Server 8.0\bin;D:\develop\Git\cmd;C:\Users\lucie\AppData\Local\Microsoft\WindowsApps;;D:\develop\Microsoft VS Code\bin
USERNAME=lucie
OS=Windows_NT
PROCESSOR_IDENTIFIER=Intel64 Family 6 Model 158 Stepping 9, GenuineIntel



---------------  S Y S T E M  ---------------

OS: Windows 10.0 , 64 bit Build 19041 (10.0.19041.1466)

CPU:total 4 (initial active 4) (4 cores per cpu, 1 threads per core) family 6 model 158 stepping 9, cmov, cx8, fxsr, mmx, sse, sse2, sse3, ssse3, sse4.1, sse4.2, popcnt, avx, avx2, aes, clmul, erms, 3dnowpref, lzcnt, tsc, tscinvbit, bmi1, bmi2, adx

Memory: 4k page, physical 8294544k(1224412k free), swap 10342544k(5120k free)

vm_info: OpenJDK 64-Bit Server VM (25.242-b01) for windows-amd64 JRE (1.8.0_242-release-1644-b01), built by "builder" with MS VC++ 10.0 (VS2010)

time: Sat Jan 22 23:54:20 2022
timezone: ìåãû (ïWèÄéû)
elapsed time: 10 seconds (0d 0h 0m 10s)

